chrY_794_70
chrY_405_44
chrY_484_41
chrY_212_14
chrY_546_23
chrY_554_80
chrY_214_25
chrY_950_10
chrY_131_39
chrY_28_79
chr6_GL000253v2_alt_769_18
chr6_GL000253v2_alt_947_14
chr6_GL000253v2_alt_927_15
chr6_GL000253v2_alt_602_20
chr6_GL000253v2_alt_58_5
chr6_GL000253v2_alt_825_11
chr7_216_512
chr7_777_247
chr7_15_519
chr7_447_913
chr7_483_913
chr7_411_826
chr7_693_801
chr7_325_653
chr7_59_946
chr7_941_733
chr7_356_708
chr7_159_443
chr7_607_936
chr7_826_821
chr7_486_105
chr7_205_532
chr7_588_532
chr7_873_532
chr7_902_458
chr7_368_189
chr7_688_207
chr7_128_844
chr7_542_544
chr7_919_275
chr7_173_692
chr7_890_707
chr7_252_459
chr7_701_949
chr7_268_585
chr7_863_376
chr7_213_344
chr7_751_724
chr7_301_583
chr7_373_815
chr7_873_815
chr7_10_769
chr7_645_776
chr7_561_422
chr7_736_589
chr7_519_601
chr7_520_601
chr7_356_157
chr7_396_284
chr7_756_354
chr7_811_460
chr7_145_218
chr7_93_455
chr7_101_455
chr7_437_276
chr7_146_674
chr7_731_243
chr7_494_299
chr7_941_689
chr7_393_353
chr7_289_78
chr7_667_257
chr7_948_257
chr7_69_269
chr7_83_269
chr7_974_767
chr7_468_858
chr7_340_518
chr7_790_518
chr7_924_518
chr7_938_518
chr7_30_260
chr7_152_268
chr7_974_476
chr7_986_572
chr7_145_928
chr7_373_740
chr7_422_198
chr7_509_99
chr7_918_819
chr7_686_777
chr7_754_425
chr7_295_149
chr7_349_149
chr7_149_527
chr7_166_527
chr7_545_281
chr7_652_281
chr7_194_483
chr7_823_742
chr7_846_742
chr7_974_337
chr7_976_502
chr7_105_175
chr7_3_140
chr7_182_140
chr7_409_140
chr7_818_335
chr7_625_206
chr7_867_828
chr7_496_228
chr7_387_758
chr7_252_843
chr7_867_755
chr7_473_636
chr7_444_575
chr7_962_575
chr7_576_239
chr7_99_561
chr7_71_195
chr7_22_199
chr7_69_199
chr7_919_244
chr7_122_288
chr7_463_722
chr7_792_722
chr7_431_509
chr7_316_94
chr7_500_129
chr7_10_305
chr7_331_250
chr7_978_62
chr7_329_108
chr7_858_100
chr7_19_806
chr7_40_806
chr7_659_681
chr7_328_768
chr7_731_634
chr7_862_248
chr7_672_498
chr7_148_410
chr7_192_410
chr7_294_762
chr7_622_135
chr7_536_487
chr7_114_937
chr7_253_40
chr7_930_613
chr7_44_834
chr7_458_834
chr7_614_128
chr7_560_80
chr7_116_903
chr7_529_597
chr7_769_278
chr7_829_115
chr7_74_302
chr7_636_477
chr7_665_180
chr7_104_222
chr7_33_143
chr7_858_143
chr7_605_803
chr7_858_438
chr7_968_696
chr7_532_29
chr7_703_193
chr7_73_836
chr7_88_255
chr7_90_255
chr7_70_270
chr7_466_694
chr7_361_560
chr7_2_906
chr7_970_371
chr7_287_907
chr7_832_581
chr7_132_136
chr7_537_515
chr7_846_702
chr7_421_644
chr7_130_662
chr7_221_564
chr7_825_741
chr7_887_741
chr7_632_202
chr7_124_941
chr7_477_334
chr7_906_166
chr7_907_739
chr7_961_739
chr7_542_119
chr7_56_531
chr7_483_531
chr7_3_554
chr7_52_831
chr7_633_161
chr7_732_147
chr7_481_431
chr7_726_752
chr7_51_756
chr7_706_568
chr7_658_420
chr7_361_187
chr7_842_187
chr7_978_63
chr7_634_386
chr7_215_131
chr7_721_131
chr7_487_104
chr7_418_424
chr7_456_877
chr7_514_877
chr7_466_785
chr7_698_924
chr7_216_182
chr7_23_546
chr7_577_599
chr7_165_543
chr7_447_543
chr7_789_482
chr7_755_451
chr7_368_513
chr7_446_624
chr7_684_245
chr7_937_245
chr7_195_782
chr7_580_782
chr7_183_947
chr7_766_238
chr7_729_188
chr7_934_188
chr7_248_905
chr7_708_905
chr7_207_298
chr7_253_298
chr7_254_298
chr7_109_629
chr7_735_553
chr7_731_930
chr7_871_485
chr7_113_909
chr7_790_899
chr7_811_326
chr7_547_677
chr7_787_208
chr7_611_748
chr7_710_748
chr7_714_603
chr7_505_908
chr7_513_577
chr7_149_549
chr7_341_672
chr7_114_72
chr7_338_259
chr7_100_19
chr7_643_579
chr7_268_20
chr7_126_123
chr7_63_89
chr7_895_829
chr7_481_809
chr7_149_709
chr7_314_232
chr7_86_235
chr7_410_888
chr7_279_494
chr7_76_283
chr7_756_169
chr7_417_134
chr7_384_350
chr7_796_16
chr7_37_854
chr7_605_943
chr7_183_122
chr7_447_122
chr7_367_534
chr7_122_511
chr7_242_357
chr7_937_853
chr7_308_711
chr7_732_711
chr7_961_716
chr7_867_863
chr7_23_790
chr7_80_790
chr7_502_881
chr7_520_254
chr7_585_524
chr7_423_548
chr7_794_96
chr7_118_679
chr7_384_679
chr7_751_743
chr7_394_651
chr7_608_150
chr7_442_764
chr7_496_133
chr7_113_263
chr7_244_773
chr7_598_738
chr7_550_79
chr7_392_927
chr7_459_927
chr7_113_812
chr7_442_582
chr7_351_212
chr7_234_516
chr7_440_516
chr7_522_516
chr7_336_155
chr7_163_900
chr7_621_264
chr7_799_666
chr7_339_698
chr7_936_698
chr7_554_920
chr7_201_213
chr7_599_213
chr7_28_889
chr7_865_884
chr7_615_865
chr7_959_686
chr7_461_427
chr7_450_101
chr7_702_845
chr7_976_918
chr7_595_34
chr7_814_34
chr11_KI270927v1_alt_620_1
chr11_KI270927v1_alt_52_2
chr11_KI270927v1_alt_699_2
chr11_KI270927v1_alt_901_2
chr15_802_146
chr15_561_83
chr15_86_468
chr15_179_462
chr15_620_382
chr15_474_138
chr15_97_7
chr15_707_7
chr15_887_266
chr15_227_532
chr15_447_532
chr15_869_458
chr15_553_375
chr15_619_173
chr15_692_370
chr15_86_300
chr15_543_300
chr15_301_145
chr15_773_88
chr15_723_125
chr15_150_434
chr15_782_295
chr15_790_376
chr15_445_287
chr15_755_287
chr15_774_287
chr15_76_234
chr15_945_380
chr15_339_157
chr15_832_157
chr15_641_218
chr15_336_243
chr15_794_243
chr15_298_186
chr15_110_107
chr15_178_332
chr15_642_332
chr15_85_523
chr15_452_446
chr15_867_260
chr15_695_211
chr15_777_41
chr15_789_198
chr15_251_76
chr15_398_439
chr15_0_229
chr15_705_196
chr15_80_347
chr15_301_347
chr15_319_236
chr15_74_527
chr15_215_73
chr15_487_502
chr15_90_59
chr15_370_175
chr15_544_48
chr15_242_228
chr15_589_246
chr15_657_398
chr15_675_398
chr15_298_195
chr15_737_322
chr15_618_244
chr15_792_391
chr15_157_294
chr15_371_509
chr15_958_509
chr15_827_94
chr15_638_129
chr15_1000_129
chr15_921_108
chr15_30_392
chr15_157_67
chr15_34_453
chr15_864_405
chr15_300_231
chr15_427_231
chr15_688_498
chr15_635_306
chr15_277_95
chr15_537_410
chr15_602_410
chr15_128_171
chr15_117_242
chr15_331_185
chr15_1_487
chr15_424_429
chr15_376_474
chr15_315_128
chr15_156_120
chr15_698_271
chr15_143_86
chr15_326_339
chr15_521_278
chr15_610_278
chr15_857_278
chr15_703_492
chr15_59_226
chr15_111_331
chr15_614_193
chr15_962_193
chr15_583_109
chr15_1_255
chr15_259_153
chr15_18_296
chr15_48_296
chr15_197_401
chr15_111_371
chr15_547_371
chr15_565_136
chr15_359_515
chr15_724_515
chr15_530_447
chr15_540_22
chr15_675_25
chr15_38_478
chr15_111_478
chr15_268_119
chr15_381_497
chr15_624_497
chr15_711_309
chr15_367_55
chr15_921_355
chr15_148_420
chr15_503_279
chr15_167_457
chr15_510_457
chr15_411_131
chr15_828_85
chr15_376_104
chr15_758_441
chr15_9_163
chr15_721_496
chr15_546_258
chr15_199_451
chr15_138_223
chr15_248_261
chr15_299_144
chr15_536_456
chr15_432_501
chr15_608_156
chr15_273_168
chr15_739_485
chr15_525_208
chr15_85_374
chr15_249_407
chr15_459_32
chr15_865_265
chr15_948_265
chr15_106_364
chr15_651_440
chr15_25_289
chr15_516_475
chr15_915_475
chr15_24_203
chr15_380_203
chr15_300_123
chr15_43_89
chr15_561_224
chr15_194_235
chr15_335_494
chr15_694_225
chr15_39_419
chr15_744_290
chr15_866_490
chr15_452_465
chr15_977_393
chr15_651_350
chr15_59_449
chr15_122_435
chr15_774_435
chr15_147_503
chr15_34_35
chr15_854_69
chr15_47_45
chr15_62_254
chr15_794_524
chr15_590_96
chr15_591_379
chr15_489_150
chr15_533_263
chr15_588_50
chr15_83_216
chr15_266_264
chr15_161_312
chr15_594_486
chr15_1_313
chr15_287_313
chr15_548_313
chr15_839_320
chr15_999_64
chr15_14_201
chr15_80_201
chr16_KI270728v1_random_117_4
chr2_GL383521v1_alt_130_1
chr15_GL383554v1_alt_982_1
chr6_GL000256v2_alt_763_15
chr6_GL000256v2_alt_652_20
chr9_KI270719v1_random_399_1
chr15_KI270852v1_alt_991_1
chr15_KI270852v1_alt_158_2
chr12_GL877875v1_alt_930_1
chr22_KI270928v1_alt_966_1
chr10_KI270825v1_alt_230_1
chr22_250_146
chr22_571_146
chr22_419_173
chr22_918_51
chr22_568_121
chr22_546_70
chr22_308_233
chr22_234_159
chr22_484_234
chr22_20_53
chr22_563_78
chr22_311_27
chr22_17_44
chr22_619_41
chr22_168_33
chr22_400_33
chr22_741_33
chr22_580_158
chr22_517_151
chr22_569_76
chr22_417_229
chr22_512_229
chr22_761_148
chr22_69_4
chr22_258_4
chr22_671_4
chr22_67_61
chr22_155_30
chr22_298_30
chr22_863_228
chr22_4_68
chr22_336_195
chr22_431_62
chr22_176_167
chr22_452_95
chr22_829_172
chr22_870_172
chr22_706_185
chr22_711_40
chr22_321_143
chr22_215_170
chr22_697_24
chr22_546_197
chr22_565_202
chr22_453_106
chr22_756_106
chr22_809_22
chr22_809_166
chr22_156_230
chr22_436_230
chr22_344_43
chr22_391_43
chr22_393_43
chr22_236_63
chr22_322_63
chr22_734_131
chr22_46_85
chr22_336_37
chr22_759_37
chr22_402_182
chr22_978_42
chr22_165_223
chr22_917_116
chr22_433_31
chr22_597_142
chr22_265_57
chr22_211_156
chr22_510_208
chr22_629_192
chr22_270_12
chr22_826_32
chr22_158_19
chr22_450_203
chr22_809_203
chr22_131_123
chr22_33_232
chr22_165_232
chr22_351_232
chr22_801_225
chr22_184_1
chr22_281_39
chr22_868_137
chr22_320_35
chr22_60_28
chr22_27_69
chr22_725_69
chr22_218_45
chr22_737_181
chr22_766_155
chr6_KI270801v1_alt_757_6
chr6_KI270801v1_alt_165_3
chr2_KI270768v1_alt_146_1
chr9_881_484
chr9_768_146
chr9_272_545
chr9_339_545
chr9_107_462
chr9_448_462
chr9_334_663
chr9_818_663
chr9_211_382
chr9_190_36
chr9_382_508
chr9_706_349
chr9_841_349
chr9_161_532
chr9_779_375
chr9_485_633
chr9_649_359
chr9_557_671
chr9_108_189
chr9_155_145
chr9_299_721
chr9_308_275
chr9_757_659
chr9_928_121
chr9_475_125
chr9_85_113
chr9_390_491
chr9_505_463
chr9_455_585
chr9_570_585
chr9_121_376
chr9_546_287
chr9_42_390
chr9_188_589
chr9_986_589
chr9_638_601
chr9_801_6
chr9_215_157
chr9_469_215
chr9_814_215
chr9_794_338
chr9_313_284
chr9_946_284
chr9_441_282
chr9_490_218
chr9_908_243
chr9_932_396
chr9_111_103
chr9_678_609
chr9_181_178
chr9_289_389
chr9_245_572
chr9_856_41
chr9_514_759
chr9_403_210
chr9_345_684
chr9_25_324
chr9_825_757
chr9_1000_757
chr9_602_347
chr9_767_148
chr9_451_18
chr9_452_18
chr9_765_18
chr9_879_510
chr9_470_742
chr9_818_593
chr9_289_190
chr9_619_56
chr9_884_56
chr9_444_59
chr9_27_30
chr9_647_30
chr9_681_3
chr9_344_362
chr9_922_175
chr9_263_517
chr9_447_323
chr9_492_528
chr9_230_664
chr9_584_664
chr9_57_369
chr9_319_758
chr9_320_758
chr9_730_256
chr9_474_246
chr9_919_649
chr9_121_640
chr9_569_227
chr9_263_636
chr9_213_701
chr9_890_575
chr9_979_199
chr9_222_722
chr9_706_652
chr9_948_336
chr9_410_730
chr9_266_381
chr9_618_23
chr9_228_62
chr9_40_108
chr9_342_100
chr9_144_751
chr9_274_751
chr9_326_751
chr9_998_751
chr9_15_67
chr9_446_67
chr9_561_67
chr9_628_167
chr9_349_405
chr9_773_498
chr9_652_699
chr9_408_448
chr9_459_410
chr9_334_171
chr9_369_171
chr9_519_171
chr9_52_93
chr9_16_578
chr9_703_387
chr9_488_135
chr9_592_135
chr9_629_345
chr9_551_574
chr9_736_574
chr9_757_488
chr9_860_488
chr9_516_40
chr9_440_611
chr9_307_86
chr9_892_536
chr9_119_614
chr9_644_732
chr9_532_587
chr9_240_631
chr9_64_302
chr9_120_428
chr9_181_402
chr9_363_492
chr9_511_492
chr9_927_438
chr9_289_29
chr9_190_109
chr9_663_559
chr9_739_560
chr9_680_293
chr9_479_401
chr9_242_416
chr9_722_273
chr9_992_533
chr9_850_136
chr9_907_718
chr9_596_662
chr9_552_745
chr9_827_447
chr9_923_675
chr9_906_202
chr9_19_685
chr9_46_571
chr9_751_571
chr9_83_47
chr9_805_478
chr9_567_479
chr9_699_479
chr9_980_479
chr9_88_119
chr9_981_554
chr9_100_161
chr9_436_161
chr9_363_562
chr9_823_562
chr9_843_752
chr9_269_680
chr9_272_126
chr9_675_568
chr9_630_420
chr9_202_63
chr9_134_386
chr9_626_279
chr9_279_85
chr9_528_163
chr9_537_610
chr9_850_399
chr9_392_280
chr9_795_280
chr9_398_546
chr9_433_546
chr9_451_124
chr9_933_573
chr9_721_451
chr9_751_274
chr9_489_223
chr9_904_624
chr9_321_54
chr9_156_238
chr9_279_238
chr9_399_747
chr9_729_57
chr9_545_156
chr9_115_388
chr9_881_485
chr9_781_728
chr9_361_292
chr9_530_622
chr9_952_622
chr9_707_373
chr9_776_214
chr9_87_326
chr9_625_208
chr9_516_748
chr9_889_748
chr9_619_720
chr9_841_720
chr9_126_616
chr9_453_606
chr9_484_606
chr9_322_220
chr9_307_639
chr9_730_549
chr9_48_72
chr9_135_72
chr9_230_72
chr9_401_341
chr9_203_364
chr9_987_111
chr9_569_130
chr9_587_20
chr9_327_444
chr9_765_444
chr9_461_160
chr9_703_160
chr9_852_475
chr9_227_203
chr9_328_203
chr9_722_586
chr9_414_567
chr9_48_630
chr9_22_646
chr9_23_646
chr9_984_358
chr9_433_10
chr9_529_9
chr9_626_612
chr9_528_225
chr9_866_635
chr9_377_134
chr9_508_134
chr9_635_393
chr9_225_1
chr9_625_1
chr9_635_372
chr9_14_552
chr9_772_525
chr9_797_449
chr9_358_471
chr9_210_550
chr9_669_550
chr9_716_122
chr9_626_619
chr9_701_357
chr9_824_357
chr9_681_60
chr9_434_342
chr9_749_342
chr9_242_69
chr9_380_726
chr9_718_746
chr9_890_746
chr9_485_58
chr9_714_469
chr9_672_365
chr9_679_638
chr9_401_66
chr9_282_2
chr9_975_548
chr9_857_363
chr9_930_743
chr9_523_608
chr9_960_608
chr9_126_651
chr9_815_651
chr9_774_522
chr9_182_505
chr9_351_505
chr9_933_605
chr9_419_38
chr9_369_343
chr9_210_516
chr9_721_516
chr9_958_346
chr9_296_330
chr9_765_312
chr9_282_213
chr9_447_213
chr9_814_600
chr9_467_576
chr9_964_320
chr9_612_750
chr2_101_1477
chr2_563_1477
chr2_20_1050
chr2_196_200
chr2_245_557
chr2_86_1133
chr2_181_247
chr2_854_1144
chr2_353_719
chr2_717_1250
chr2_854_1250
chr2_468_382
chr2_705_382
chr2_253_1034
chr2_452_1034
chr2_589_1034
chr2_948_733
chr2_719_708
chr2_974_443
chr2_53_36
chr2_145_138
chr2_815_1148
chr2_92_795
chr2_739_458
chr2_916_458
chr2_136_697
chr2_202_406
chr2_582_1406
chr2_995_1406
chr2_223_1384
chr2_263_1384
chr2_625_1384
chr2_106_643
chr2_161_1565
chr2_423_1220
chr2_997_844
chr2_648_1293
chr2_560_1452
chr2_651_275
chr2_772_659
chr2_37_1499
chr2_356_51
chr2_673_121
chr2_546_125
chr2_966_1338
chr2_76_514
chr2_74_707
chr2_139_707
chr2_556_707
chr2_849_707
chr2_344_1107
chr2_660_70
chr2_661_491
chr2_663_491
chr2_16_949
chr2_632_1427
chr2_883_1427
chr2_122_1252
chr2_19_233
chr2_176_233
chr2_13_1443
chr2_463_376
chr2_675_1423
chr2_16_1369
chr2_957_344
chr2_295_970
chr2_821_1002
chr2_327_1001
chr2_452_1001
chr2_775_815
chr2_179_234
chr2_906_234
chr2_333_327
chr2_595_1039
chr2_337_395
chr2_983_1433
chr2_449_1424
chr2_572_1424
chr2_705_53
chr2_127_460
chr2_953_984
chr2_1_1379
chr2_534_859
chr2_1_862
chr2_513_862
chr2_161_243
chr2_881_243
chr2_356_951
chr2_608_951
chr2_711_299
chr2_979_615
chr2_637_778
chr2_759_1389
chr2_316_103
chr2_325_78
chr2_450_1068
chr2_301_1102
chr2_4_1272
chr2_781_1272
chr2_434_944
chr2_563_1188
chr2_482_417
chr2_708_417
chr2_88_1365
chr2_815_1004
chr2_307_44
chr2_674_822
chr2_766_1495
chr2_648_897
chr2_333_211
chr2_340_655
chr2_299_1504
chr2_907_1504
chr2_940_1504
chr2_44_476
chr2_706_476
chr2_81_1191
chr2_150_1191
chr2_896_1191
chr2_789_912
chr2_617_1256
chr2_40_1006
chr2_604_1006
chr2_79_210
chr2_634_1186
chr2_645_684
chr2_90_1339
chr2_131_1339
chr2_948_1559
chr2_2_1063
chr2_495_997
chr2_170_887
chr2_83_99
chr2_208_99
chr2_832_99
chr2_310_819
chr2_152_26
chr2_686_26
chr2_916_26
chr2_909_1471
chr2_241_1366
chr2_362_777
chr2_25_318
chr2_568_439
chr2_181_149
chr2_450_1027
chr2_870_1523
chr2_352_734
chr2_743_714
chr2_455_148
chr2_137_1506
chr2_149_996
chr2_634_480
chr2_254_598
chr2_742_598
chr2_427_1009
chr2_142_1380
chr2_451_337
chr2_402_593
chr2_706_61
chr2_150_132
chr2_618_1343
chr2_363_297
chr2_665_1140
chr2_821_175
chr2_66_1330
chr2_531_1330
chr2_379_1208
chr2_80_323
chr2_339_1042
chr2_363_528
chr2_77_590
chr2_24_658
chr2_433_1309
chr2_558_1035
chr2_33_921
chr2_375_979
chr2_339_755
chr2_835_636
chr2_166_953
chr2_669_953
chr2_975_1570
chr2_384_701
chr2_947_398
chr2_347_1515
chr2_566_561
chr2_680_507
chr2_344_1160
chr2_509_195
chr2_769_322
chr2_303_288
chr2_51_652
chr2_179_652
chr2_608_509
chr2_396_1153
chr2_728_1153
chr2_959_642
chr2_774_813
chr2_880_558
chr2_753_1484
chr2_197_319
chr2_988_204
chr2_912_1197
chr2_285_1412
chr2_364_1505
chr2_553_1505
chr2_555_1505
chr2_556_1505
chr2_21_768
chr2_768_351
chr2_464_436
chr2_885_1007
chr2_115_248
chr2_541_1109
chr2_764_52
chr2_320_93
chr2_573_93
chr2_648_973
chr2_148_999
chr2_660_999
chr2_428_763
chr2_826_969
chr2_727_578
chr2_526_1224
chr2_730_1224
chr2_985_563
chr2_589_1015
chr2_14_1286
chr2_141_1362
chr2_16_429
chr2_347_1103
chr2_467_1053
chr2_684_1053
chr2_826_493
chr2_258_613
chr2_323_735
chr2_137_394
chr2_710_128
chr2_326_611
chr2_233_86
chr2_609_504
chr2_0_278
chr2_562_278
chr2_313_1312
chr2_35_115
chr2_711_875
chr2_220_302
chr2_592_383
chr2_671_473
chr2_900_473
chr2_924_1052
chr2_371_1121
chr2_7_492
chr2_74_1231
chr2_430_772
chr2_910_772
chr2_953_950
chr2_642_193
chr2_528_109
chr2_911_971
chr2_978_971
chr2_121_296
chr2_165_1404
chr2_830_1404
chr2_286_556
chr2_881_556
chr2_571_1472
chr2_470_371
chr2_914_533
chr2_204_515
chr2_766_847
chr2_328_910
chr2_955_1257
chr2_613_618
chr2_834_618
chr2_108_654
chr2_228_1115
chr2_274_202
chr2_827_1465
chr2_404_334
chr2_590_230
chr2_598_1207
chr2_805_893
chr2_823_878
chr2_109_1296
chr2_57_841
chr2_44_291
chr2_249_1088
chr2_753_1436
chr2_715_309
chr2_359_1511
chr2_953_1511
chr2_33_1537
chr2_452_1089
chr2_896_752
chr2_897_752
chr2_82_1264
chr2_91_1264
chr2_256_760
chr2_632_760
chr2_675_1391
chr2_124_617
chr2_81_126
chr2_905_126
chr2_654_1475
chr2_983_756
chr2_693_355
chr2_23_420
chr2_256_63
chr2_691_279
chr2_695_457
chr2_478_131
chr2_579_131
chr2_957_131
chr2_559_1143
chr2_971_765
chr2_299_695
chr2_322_104
chr2_585_400
chr2_799_400
chr2_106_399
chr2_171_399
chr2_653_754
chr2_765_754
chr2_598_785
chr2_727_1355
chr2_816_1355
chr2_197_280
chr2_462_280
chr2_552_182
chr2_995_1222
chr2_144_1092
chr2_615_1092
chr2_387_1467
chr2_896_792
chr2_3_124
chr2_700_124
chr2_932_1137
chr2_356_1361
chr2_434_1361
chr2_274_245
chr2_678_144
chr2_186_116
chr2_72_307
chr2_128_307
chr2_497_54
chr2_520_1047
chr2_585_1159
chr2_511_905
chr2_463_1536
chr2_625_1104
chr2_66_298
chr2_835_142
chr2_752_1044
chr2_760_1044
chr2_253_1519
chr2_435_1519
chr2_652_1473
chr2_435_388
chr2_497_168
chr2_595_168
chr2_598_1382
chr2_178_807
chr2_612_807
chr2_644_292
chr2_802_521
chr2_830_214
chr2_51_1322
chr2_81_1322
chr2_790_1322
chr2_753_1430
chr2_25_1026
chr2_594_1026
chr2_847_637
chr2_373_1064
chr2_100_939
chr2_53_220
chr2_926_220
chr2_869_639
chr2_367_1248
chr2_961_1083
chr2_878_672
chr2_600_661
chr2_116_265
chr2_397_1278
chr2_750_1292
chr2_807_645
chr2_5_1221
chr2_539_1221
chr2_331_1383
chr2_341_1316
chr2_42_932
chr2_514_856
chr2_866_890
chr2_749_440
chr2_285_130
chr2_624_1265
chr2_489_529
chr2_892_529
chr2_227_838
chr2_368_974
chr2_747_551
chr2_382_824
chr2_135_444
chr2_356_1122
chr2_40_46
chr2_313_123
chr2_585_1562
chr2_39_89
chr2_340_985
chr2_254_591
chr2_5_646
chr2_68_646
chr2_527_646
chr2_726_358
chr2_508_1098
chr2_79_709
chr2_221_232
chr2_704_1529
chr2_471_994
chr2_510_916
chr2_885_916
chr2_326_481
chr2_283_235
chr2_619_793
chr2_758_888
chr2_126_673
chr2_305_673
chr2_19_494
chr2_709_494
chr2_107_225
chr2_614_290
chr2_737_290
chr2_572_1512
chr2_224_1054
chr2_255_404
chr2_226_896
chr2_808_896
chr2_842_896
chr2_709_465
chr2_278_283
chr2_376_1308
chr2_831_1308
chr2_841_403
chr2_668_854
chr2_207_525
chr2_44_943
chr2_811_943
chr2_815_943
chr2_163_449
chr2_236_1359
chr2_351_1359
chr2_954_1410
chr2_340_1403
chr2_783_1421
chr2_57_619
chr2_880_503
chr2_803_1227
chr2_852_1227
chr2_295_75
chr2_838_1294
chr2_518_28
chr2_356_1011
chr2_938_1011
chr2_12_1194
chr2_965_467
chr2_438_241
chr2_508_241
chr2_804_992
chr2_29_1219
chr2_650_1306
chr2_982_1306
chr2_407_58
chr2_541_469
chr2_573_638
chr2_974_638
chr2_598_881
chr2_630_1058
chr2_518_1243
chr2_333_957
chr2_30_526
chr2_485_526
chr2_373_409
chr2_476_66
chr2_897_1014
chr2_699_1377
chr2_320_1162
chr2_323_1162
chr2_634_1429
chr2_991_464
chr2_630_1151
chr2_811_1275
chr2_88_743
chr2_282_743
chr2_613_651
chr2_631_651
chr2_170_538
chr2_765_1094
chr2_999_1094
chr2_374_450
chr2_723_1271
chr2_771_1271
chr2_348_1297
chr2_325_1283
chr2_980_738
chr2_83_1351
chr2_134_1478
chr2_489_812
chr2_396_1532
chr2_628_771
chr2_728_516
chr2_697_378
chr2_434_361
chr2_444_687
chr2_154_900
chr2_232_900
chr2_718_900
chr2_233_1163
chr2_671_1163
chr2_923_1163
chr2_821_811
chr2_349_737
chr2_65_1354
chr2_212_920
chr2_570_213
chr2_99_600
chr2_722_1435
chr2_603_1028
chr2_890_1028
chr2_225_891
chr2_426_1086
chr2_966_98
chr2_244_884
chr2_857_884
chr2_893_884
chr2_348_1070
chr2_743_865
chr2_167_1022
chr2_598_1022
chr2_774_1022
chr2_252_427
chr2_467_1134
chr2_504_588
chr2_347_1152
chr2_833_313
chr2_371_1318
chr2_909_1318
chr2_169_1390
chr17_GL383564v2_alt_497_1
chr17_GL383564v2_alt_698_1
chr6_GL000255v2_alt_924_14
chr6_GL000255v2_alt_456_17
chr6_GL000255v2_alt_978_22
chr6_GL000255v2_alt_288_16
chr6_GL000255v2_alt_628_16
chr6_GL000255v2_alt_536_11
chr6_GL000255v2_alt_616_11
chr6_GL000255v2_alt_879_21
chr5_789_919
chr5_70_1050
chr5_298_1029
chr5_549_1029
chr5_872_1114
chr5_728_1113
chr5_109_408
chr5_295_545
chr5_899_978
chr5_120_801
chr5_625_663
chr5_164_382
chr5_566_382
chr5_605_1034
chr5_93_708
chr5_793_708
chr5_298_138
chr5_467_138
chr5_466_555
chr5_28_499
chr5_306_266
chr5_735_105
chr5_760_532
chr5_217_458
chr5_784_643
chr5_973_300
chr5_646_207
chr5_914_721
chr5_682_340
chr5_313_692
chr5_636_692
chr5_334_1107
chr5_220_1118
chr5_270_949
chr5_467_949
chr5_886_233
chr5_928_585
chr5_164_376
chr5_796_970
chr5_987_1001
chr5_63_1025
chr5_109_90
chr5_786_327
chr5_647_1031
chr5_144_776
chr5_769_601
chr5_662_215
chr5_784_849
chr5_174_460
chr5_178_218
chr5_528_412
chr5_594_862
chr5_768_299
chr5_321_615
chr5_838_778
chr5_444_954
chr5_650_954
chr5_603_689
chr5_627_353
chr5_249_1068
chr5_877_1077
chr5_147_895
chr5_279_609
chr5_802_609
chr5_222_332
chr5_368_332
chr5_885_178
chr5_907_178
chr5_777_523
chr5_246_858
chr5_822_858
chr5_198_1004
chr5_654_791
chr5_917_446
chr5_145_518
chr5_872_655
chr5_696_541
chr5_226_627
chr5_211_572
chr5_510_348
chr5_170_759
chr5_216_759
chr5_858_210
chr5_433_684
chr5_524_684
chr5_908_684
chr5_628_253
chr5_662_879
chr5_587_740
chr5_838_1036
chr5_370_33
chr5_556_33
chr5_165_99
chr5_900_49
chr5_314_26
chr5_502_693
chr5_389_368
chr5_331_158
chr5_913_777
chr5_775_318
chr5_331_656
chr5_490_329
chr5_914_329
chr5_26_229
chr5_708_229
chr5_32_757
chr5_789_714
chr5_809_18
chr5_26_281
chr5_466_852
chr5_467_852
chr5_541_852
chr5_694_852
chr5_887_852
chr5_149_483
chr5_980_742
chr5_813_337
chr5_959_337
chr5_594_61
chr5_380_502
chr5_8_432
chr5_307_1099
chr5_355_335
chr5_202_828
chr5_452_228
chr5_436_1042
chr5_753_1042
chr5_231_1017
chr5_393_528
chr5_708_1123
chr5_982_1123
chr5_79_649
chr5_401_649
chr5_820_649
chr5_256_68
chr5_898_227
chr5_540_636
chr5_707_636
chr5_440_953
chr5_999_953
chr5_849_65
chr5_351_398
chr5_820_239
chr5_11_561
chr5_122_561
chr5_858_1013
chr5_445_885
chr5_447_885
chr5_221_199
chr5_333_322
chr5_676_322
chr5_242_964
chr5_924_1020
chr5_462_391
chr5_71_288
chr5_284_722
chr5_762_294
chr5_915_294
chr5_427_991
chr5_674_991
chr5_712_991
chr5_314_642
chr5_113_725
chr5_344_725
chr5_419_730
chr5_822_730
chr5_691_381
chr5_895_381
chr5_19_1012
chr5_486_1012
chr5_559_558
chr5_772_558
chr5_948_1051
chr5_254_470
chr5_172_250
chr5_381_861
chr5_968_880
chr5_490_768
chr5_300_405
chr5_865_248
chr5_150_1076
chr5_373_962
chr5_897_982
chr5_229_935
chr5_535_969
chr5_311_712
chr5_435_817
chr5_938_185
chr5_707_487
chr5_507_958
chr5_953_958
chr5_528_937
chr5_342_1103
chr5_728_493
chr5_521_194
chr5_528_194
chr5_709_17
chr5_952_437
chr5_33_732
chr5_838_732
chr5_120_983
chr5_581_115
chr5_584_713
chr5_902_713
chr5_860_1052
chr5_689_183
chr5_444_402
chr5_224_691
chr5_891_772
chr5_519_154
chr5_645_950
chr5_413_836
chr5_156_170
chr5_108_270
chr5_424_560
chr5_817_560
chr5_974_556
chr5_488_1072
chr5_666_1072
chr5_202_823
chr5_534_823
chr5_535_823
chr5_123_416
chr5_475_356
chr5_128_1021
chr5_92_371
chr5_580_542
chr5_128_533
chr5_141_136
chr5_112_644
chr5_286_644
chr5_406_197
chr5_938_847
chr5_23_745
chr5_77_745
chr5_431_675
chr5_970_941
chr5_324_571
chr5_124_13
chr5_100_963
chr5_455_963
chr5_71_531
chr5_646_917
chr5_781_841
chr5_940_831
chr5_328_291
chr5_268_1095
chr5_810_497
chr5_811_497
chr5_870_497
chr5_465_309
chr5_817_309
chr5_985_832
chr5_827_617
chr5_62_535
chr5_624_535
chr5_428_568
chr5_88_420
chr5_425_386
chr5_741_386
chr5_173_695
chr5_707_104
chr5_442_441
chr5_430_877
chr5_43_785
chr5_426_182
chr5_730_599
chr5_885_258
chr5_476_124
chr5_72_959
chr5_178_261
chr5_403_1047
chr5_346_947
chr5_202_238
chr5_66_747
chr5_670_747
chr5_333_629
chr5_443_660
chr5_604_660
chr5_463_1010
chr5_357_805
chr5_751_805
chr5_636_909
chr5_572_876
chr5_185_311
chr5_562_899
chr5_662_899
chr5_983_214
chr5_594_779
chr5_923_677
chr5_307_720
chr5_149_1064
chr5_181_1064
chr5_506_1064
chr5_408_374
chr5_478_939
chr5_47_616
chr5_681_606
chr5_358_639
chr5_618_537
chr5_15_549
chr5_441_549
chr5_693_1083
chr5_19_669
chr5_502_1067
chr5_59_788
chr5_769_749
chr5_403_857
chr5_916_82
chr5_560_259
chr5_642_506
chr5_601_856
chr5_978_856
chr5_136_111
chr5_258_890
chr5_849_890
chr5_71_130
chr5_585_130
chr5_13_551
chr5_761_551
chr5_719_824
chr5_694_160
chr5_381_475
chr5_413_475
chr5_823_475
chr5_28_203
chr5_895_567
chr5_369_829
chr5_661_829
chr5_306_285
chr5_606_285
chr5_714_285
chr5_765_285
chr5_58_385
chr5_202_809
chr5_861_709
chr5_306_994
chr5_826_916
chr5_994_481
chr5_212_888
chr5_427_888
chr5_550_673
chr5_985_612
chr5_815_667
chr5_138_1043
chr5_480_1054
chr5_432_952
chr5_744_404
chr5_479_283
chr5_836_868
chr5_29_552
chr5_547_993
chr5_283_943
chr5_604_449
chr5_487_827
chr5_683_550
chr5_73_1119
chr5_668_1119
chr5_307_357
chr5_418_60
chr5_905_60
chr5_350_886
chr5_352_886
chr5_228_986
chr5_867_986
chr5_436_853
chr5_646_853
chr5_336_75
chr5_879_75
chr5_321_716
chr5_166_69
chr5_687_69
chr5_421_45
chr5_575_467
chr5_941_164
chr5_653_621
chr5_327_957
chr5_44_397
chr5_289_397
chr5_206_960
chr5_453_931
chr5_693_931
chr5_854_678
chr5_150_743
chr5_446_743
chr5_621_651
chr5_775_651
chr5_9_379
chr5_145_379
chr5_793_316
chr5_260_934
chr5_884_934
chr5_994_927
chr5_565_249
chr5_866_249
chr5_847_333
chr5_500_605
chr5_682_1126
chr5_203_796
chr5_243_796
chr5_68_343
chr5_206_771
chr5_921_155
chr5_747_346
chr5_411_1059
chr5_931_1059
chr5_111_737
chr5_322_216
chr5_524_264
chr5_276_920
chr5_178_889
chr5_44_1022
chr5_683_427
chr5_817_413
chr5_985_101
chr5_279_313
chr5_10_320
chr5_215_750
chr5_127_539
chr5_496_201
chr5_579_744
chr12_KI270835v1_alt_169_2
chr17_GL000258v2_alt_330_7
chr17_GL000258v2_alt_343_8
chr17_GL000258v2_alt_47_11
chr11_KI270903v1_alt_69_2
chr6_693_864
chr6_217_484
chr6_692_933
chr6_359_146
chr6_201_557
chr6_150_247
chr6_939_519
chr6_56_83
chr6_445_719
chr6_641_719
chr6_893_468
chr6_387_801
chr6_634_462
chr6_961_717
chr6_995_717
chr6_567_382
chr6_316_443
chr6_700_443
chr6_882_443
chr6_286_936
chr6_92_508
chr6_114_821
chr6_780_499
chr6_364_266
chr6_878_105
chr6_635_532
chr6_1000_569
chr6_491_643
chr6_422_633
chr6_663_207
chr6_684_721
chr6_133_423
chr6_566_113
chr6_906_972
chr6_972_707
chr6_839_70
chr6_547_948
chr6_667_463
chr6_625_839
chr6_208_585
chr6_153_344
chr6_881_344
chr6_226_724
chr6_836_724
chr6_967_724
chr6_129_583
chr6_264_159
chr6_464_159
chr6_890_287
chr6_171_769
chr6_238_601
chr6_376_380
chr6_98_215
chr6_33_92
chr6_474_984
chr6_549_1081
chr6_115_859
chr6_943_859
chr6_960_626
chr6_20_862
chr6_732_862
chr6_614_353
chr6_62_1080
chr6_339_609
chr6_622_704
chr6_626_922
chr6_655_1004
chr6_250_791
chr6_65_44
chr6_400_262
chr6_755_389
chr6_579_118
chr6_767_211
chr6_135_627
chr6_449_210
chr6_640_928
chr6_147_879
chr6_857_879
chr6_303_887
chr6_359_798
chr6_406_49
chr6_643_819
chr6_334_693
chr6_328_894
chr6_475_158
chr6_448_777
chr6_66_425
chr6_33_318
chr6_368_318
chr6_874_329
chr6_687_439
chr6_29_229
chr6_674_911
chr6_263_757
chr6_489_757
chr6_910_757
chr6_954_734
chr6_540_818
chr6_24_527
chr6_892_852
chr6_886_480
chr6_85_598
chr6_302_742
chr6_143_190
chr6_450_190
chr6_526_252
chr6_965_641
chr6_442_297
chr6_233_3
chr6_90_1073
chr6_622_175
chr6_330_517
chr6_653_828
chr6_198_528
chr6_205_590
chr6_118_369
chr6_211_369
chr6_838_369
chr6_301_68
chr6_192_636
chr6_299_636
chr6_393_127
chr6_579_65
chr6_941_870
chr6_593_507
chr6_265_964
chr6_423_288
chr6_921_968
chr6_744_565
chr6_466_509
chr6_736_509
chr6_899_94
chr6_47_129
chr6_746_1012
chr6_34_558
chr6_109_250
chr6_206_806
chr6_738_806
chr6_122_768
chr6_889_768
chr6_833_453
chr6_942_938
chr6_296_405
chr6_825_405
chr6_997_231
chr6_1_498
chr6_130_95
chr6_569_95
chr6_996_982
chr6_306_242
chr6_943_242
chr6_389_345
chr6_683_345
chr6_726_958
chr6_1000_937
chr6_291_40
chr6_466_834
chr6_220_670
chr6_484_120
chr6_105_421
chr6_552_611
chr6_906_611
chr6_232_271
chr6_408_271
chr6_726_580
chr6_986_536
chr6_72_983
chr6_675_875
chr6_293_477
chr6_920_222
chr6_769_892
chr6_849_803
chr6_5_772
chr6_386_226
chr6_608_850
chr6_753_430
chr6_812_430
chr6_666_109
chr6_575_842
chr6_706_836
chr6_331_255
chr6_265_296
chr6_595_559
chr6_567_560
chr6_128_293
chr6_112_24
chr6_25_416
chr6_478_273
chr6_78_371
chr6_288_581
chr6_253_515
chr6_535_702
chr6_587_1075
chr6_601_847
chr6_69_910
chr6_852_910
chr6_265_106
chr6_754_22
chr6_916_571
chr6_67_47
chr6_857_478
chr6_234_878
chr6_24_554
chr6_955_1095
chr6_607_352
chr6_218_431
chr6_185_360
chr6_219_360
chr6_443_760
chr6_772_176
chr6_34_780
chr6_299_756
chr6_560_783
chr6_325_570
chr6_464_355
chr6_908_355
chr6_826_279
chr6_198_695
chr6_23_441
chr6_381_754
chr6_431_607
chr6_888_607
chr6_301_792
chr6_584_792
chr6_976_308
chr6_263_482
chr6_428_482
chr6_657_482
chr6_953_451
chr6_294_274
chr6_414_456
chr6_257_501
chr6_255_54
chr6_784_782
chr6_157_947
chr6_743_905
chr6_983_31
chr6_374_1019
chr6_879_1104
chr6_634_298
chr6_686_814
chr6_244_1044
chr6_530_629
chr6_939_629
chr6_367_57
chr6_425_705
chr6_36_286
chr6_201_592
chr6_862_650
chr6_700_168
chr6_876_168
chr6_349_804
chr6_467_485
chr6_500_728
chr6_724_909
chr6_472_304
chr6_352_292
chr6_921_292
chr6_993_622
chr6_667_876
chr6_46_311
chr6_909_311
chr6_469_214
chr6_27_779
chr6_489_1026
chr6_556_1026
chr6_42_748
chr6_918_603
chr6_703_577
chr6_911_577
chr6_99_220
chr6_459_220
chr6_215_639
chr6_13_549
chr6_950_549
chr6_951_549
chr6_495_990
chr6_78_669
chr6_581_645
chr6_157_987
chr6_514_72
chr6_292_82
chr6_293_82
chr6_473_364
chr6_548_856
chr6_748_890
chr6_514_130
chr6_849_529
chr6_91_838
chr6_384_974
chr6_282_289
chr6_452_444
chr6_502_5
chr6_754_5
chr6_510_89
chr6_516_965
chr6_255_630
chr6_161_646
chr6_143_10
chr6_357_793
chr6_877_888
chr6_928_673
chr6_157_667
chr6_701_419
chr6_1000_952
chr6_547_465
chr6_607_465
chr6_173_169
chr6_735_868
chr6_532_993
chr6_849_993
chr6_642_854
chr6_331_325
chr6_948_471
chr6_108_534
chr6_374_534
chr6_100_357
chr6_897_357
chr6_769_886
chr6_463_503
chr6_546_342
chr6_547_77
chr6_183_1011
chr6_959_726
chr6_126_45
chr6_821_45
chr6_129_241
chr6_694_442
chr6_187_621
chr6_892_621
chr6_340_254
chr6_195_526
chr6_201_526
chr6_445_526
chr6_10_66
chr6_193_66
chr6_338_66
chr6_229_1014
chr6_462_931
chr6_99_678
chr6_318_608
chr6_178_379
chr6_659_150
chr6_410_538
chr6_504_505
chr6_635_133
chr6_483_1040
chr6_324_927
chr6_459_668
chr6_363_812
chr6_180_333
chr6_899_794
chr6_947_212
chr6_849_682
chr6_682_315
chr6_581_97
chr6_363_155
chr6_812_1079
chr6_246_900
chr6_740_811
chr6_271_366
chr6_673_666
chr6_73_923
chr6_348_486
chr6_992_486
chr6_701_884
chr6_446_865
chr6_168_1022
chr6_416_648
chr6_324_750
chr6_304_201
chr6_961_201
chr15_KI270905v1_alt_709_6
chr15_KI270905v1_alt_762_6
chr15_KI270905v1_alt_392_18
chr15_KI270905v1_alt_115_4
chr15_KI270905v1_alt_425_23
chr15_KI270905v1_alt_597_15
chr12_GL383550v2_alt_20_1
chr19_GL949752v1_alt_285_3
chr19_GL949752v1_alt_946_2
chr12_KI270834v1_alt_328_1
chr8_47_146
chr8_753_557
chr8_224_873
chr8_56_710
chr8_169_710
chr8_316_710
chr8_75_83
chr8_266_83
chr8_344_117
chr8_347_801
chr8_567_801
chr8_60_653
chr8_285_708
chr8_926_36
chr8_941_508
chr8_358_727
chr8_813_458
chr8_406_697
chr8_723_697
chr8_980_633
chr8_654_370
chr8_603_300
chr8_150_145
chr8_123_544
chr8_189_721
chr8_935_125
chr8_943_125
chr8_797_514
chr8_304_692
chr8_722_692
chr8_275_547
chr8_594_547
chr8_682_839
chr8_942_585
chr8_482_724
chr8_18_240
chr8_948_240
chr8_177_159
chr8_797_90
chr8_424_769
chr8_364_327
chr8_504_327
chr8_925_589
chr8_731_601
chr8_655_395
chr8_175_380
chr8_389_215
chr8_225_284
chr8_118_460
chr8_325_460
chr8_388_770
chr8_484_461
chr8_160_237
chr8_890_412
chr8_278_689
chr8_924_689
chr8_223_609
chr8_660_107
chr8_831_523
chr8_989_858
chr8_623_262
chr8_346_211
chr8_480_268
chr8_151_221
chr8_220_684
chr8_596_253
chr8_82_198
chr8_59_887
chr8_149_887
chr8_986_887
chr8_61_26
chr8_298_110
chr8_857_139
chr8_928_139
chr8_490_158
chr8_22_425
chr8_517_229
chr8_973_229
chr8_36_757
chr8_557_734
chr8_923_714
chr8_679_148
chr8_487_852
chr8_451_598
chr8_429_337
chr8_852_337
chr8_934_593
chr8_31_632
chr8_199_632
chr8_155_641
chr8_106_30
chr8_917_140
chr8_104_206
chr8_604_228
chr8_853_228
chr8_391_528
chr8_953_369
chr8_853_758
chr8_381_68
chr8_36_227
chr8_757_102
chr8_80_561
chr8_703_885
chr8_704_885
chr8_948_391
chr8_287_652
chr8_546_652
chr8_792_565
chr8_889_509
chr8_747_725
chr8_892_23
chr8_616_558
chr8_849_62
chr8_954_204
chr8_217_453
chr8_104_436
chr8_234_452
chr8_528_452
chr8_724_452
chr8_506_231
chr8_593_676
chr8_110_448
chr8_358_762
chr8_158_135
chr8_141_563
chr8_131_345
chr8_385_185
chr8_773_185
chr8_197_493
chr8_109_670
chr8_535_128
chr8_546_80
chr8_863_504
chr8_571_418
chr8_162_647
chr8_456_597
chr8_457_115
chr8_482_781
chr8_569_143
chr8_589_438
chr8_67_331
chr8_967_696
chr8_576_109
chr8_568_270
chr8_373_559
chr8_565_694
chr8_286_560
chr8_913_293
chr8_749_718
chr8_166_495
chr8_873_644
chr8_970_644
chr8_394_662
chr8_492_741
chr8_223_745
chr8_415_217
chr8_615_106
chr8_176_166
chr8_881_13
chr8_900_739
chr8_22_119
chr8_10_531
chr8_714_531
chr8_681_841
chr8_587_554
chr8_590_554
chr8_681_831
chr8_919_831
chr8_104_832
chr8_230_562
chr8_411_147
chr8_164_360
chr8_153_783
chr8_349_187
chr8_970_457
chr8_224_37
chr8_872_104
chr8_245_441
chr8_477_424
chr8_962_610
chr8_821_426
chr8_587_754
chr8_454_258
chr8_596_573
chr8_737_820
chr8_162_566
chr8_375_223
chr8_954_223
chr8_31_624
chr8_314_830
chr8_530_501
chr8_18_782
chr8_97_238
chr8_258_238
chr8_159_660
chr8_494_57
chr8_790_520
chr8_673_168
chr8_854_168
chr8_986_804
chr8_924_292
chr8_936_311
chr8_399_521
chr8_13_192
chr8_781_374
chr8_518_367
chr8_442_407
chr8_443_407
chr8_410_606
chr8_653_141
chr8_617_472
chr8_639_472
chr8_418_669
chr8_198_265
chr8_54_788
chr8_981_19
chr8_233_890
chr8_795_529
chr8_286_209
chr8_35_289
chr8_433_46
chr8_153_89
chr8_346_591
chr8_965_646
chr8_325_385
chr8_989_9
chr8_822_793
chr8_531_673
chr8_890_530
chr8_42_490
chr8_796_177
chr8_523_169
chr8_170_403
chr8_957_403
chr8_254_854
chr8_141_827
chr8_989_827
chr8_363_471
chr8_416_314
chr8_49_886
chr8_545_886
chr8_640_137
chr8_77_853
chr8_97_87
chr8_30_69
chr8_961_69
chr8_353_174
chr8_737_467
chr8_865_746
chr8_783_810
chr8_584_365
chr8_671_881
chr8_41_397
chr8_270_397
chr8_547_397
chr8_614_2
chr8_100_548
chr8_145_548
chr8_176_548
chr8_619_548
chr8_809_743
chr8_448_608
chr8_356_150
chr8_372_764
chr8_860_505
chr8_510_249
chr8_752_582
chr8_952_605
chr8_909_205
chr8_396_516
chr8_913_361
chr8_405_330
chr8_575_737
chr8_143_216
chr8_436_216
chr8_170_889
chr8_317_889
chr8_514_889
chr8_772_272
chr8_687_891
chr8_287_800
chr8_337_413
chr8_64_313
chr8_172_320
chr8_731_201
chr8_537_744
chrX_787_512
chrX_627_484
chrX_723_200
chrX_24_519
chrX_675_408
chrX_331_545
chrX_864_719
chrX_116_462
chrX_594_717
chrX_755_114
chrX_799_114
chrX_158_708
chrX_754_349
chrX_902_105
chrX_906_105
chrX_455_532
chrX_976_532
chrX_138_458
chrX_206_406
chrX_345_370
chrX_571_301
chrX_425_275
chrX_696_423
chrX_254_125
chrX_596_692
chrX_45_233
chrX_951_287
chrX_727_390
chrX_830_390
chrX_22_769
chrX_278_81
chrX_92_761
chrX_816_761
chrX_134_601
chrX_842_338
chrX_494_276
chrX_302_461
chrX_653_674
chrX_800_674
chrX_449_237
chrX_493_412
chrX_595_299
chrX_437_753
chrX_677_103
chrX_73_257
chrX_251_332
chrX_218_178
chrX_407_211
chrX_825_221
chrX_957_627
chrX_298_787
chrX_154_798
chrX_291_139
chrX_503_425
chrX_16_757
chrX_113_148
chrX_219_483
chrX_971_598
chrX_577_132
chrX_769_73
chrX_992_252
chrX_3_502
chrX_194_362
chrX_179_175
chrX_426_175
chrX_171_335
chrX_188_335
chrX_689_228
chrX_705_664
chrX_423_369
chrX_646_758
chrX_446_640
chrX_649_584
chrX_451_127
chrX_675_127
chrX_960_65
chrX_584_239
chrX_475_507
chrX_576_195
chrX_917_199
chrX_71_288
chrX_271_288
chrX_393_288
chrX_92_294
chrX_377_381
chrX_300_100
chrX_268_204
chrX_807_204
chrX_661_231
chrX_39_248
chrX_771_95
chrX_446_762
chrX_51_93
chrX_535_763
chrX_449_474
chrX_863_474
chrX_388_40
chrX_286_784
chrX_182_128
chrX_825_128
chrX_399_120
chrX_305_536
chrX_787_732
chrX_711_587
chrX_162_700
chrX_88_383
chrX_620_143
chrX_802_193
chrX_300_153
chrX_211_293
chrX_986_556
chrX_686_542
chrX_129_581
chrX_160_718
chrX_321_197
chrX_79_741
chrX_282_675
chrX_671_675
chrX_772_675
chrX_691_571
chrX_577_119
chrX_69_328
chrX_131_328
chrX_656_328
chrX_445_554
chrX_216_309
chrX_921_309
chrX_505_786
chrX_723_786
chrX_842_786
chrX_638_799
chrX_993_680
chrX_21_55
chrX_262_780
chrX_881_535
chrX_198_568
chrX_837_63
chrX_771_765
chrX_845_85
chrX_545_37
chrX_4_754
chrX_104_754
chrX_581_785
chrX_61_599
chrX_113_543
chrX_420_573
chrX_814_274
chrX_234_162
chrX_340_162
chrX_997_594
chrX_508_116
chrX_530_116
chrX_974_116
chrX_711_456
chrX_133_501
chrX_82_307
chrX_555_782
chrX_799_782
chrX_334_747
chrX_644_660
chrX_906_57
chrX_106_553
chrX_807_388
chrX_790_304
chrX_410_622
chrX_839_521
chrX_318_677
chrX_518_677
chrX_67_208
chrX_996_616
chrX_340_669
chrX_926_788
chrX_424_341
chrX_974_111
chrX_956_529
chrX_138_209
chrX_365_209
chrX_503_209
chrX_626_551
chrX_421_20
chrX_80_310
chrX_957_160
chrX_980_620
chrX_777_203
chrX_514_567
chrX_833_646
chrX_789_709
chrX_771_793
chrX_463_490
chrX_369_169
chrX_420_665
chrX_709_552
chrX_631_184
chrX_860_184
chrX_364_525
chrX_360_471
chrX_864_454
chrX_52_314
chrX_937_314
chrX_591_550
chrX_648_550
chrX_969_35
chrX_306_790
chrX_446_790
chrX_801_790
chrX_253_241
chrX_579_241
chrX_956_365
chrX_313_638
chrX_790_164
chrX_798_164
chrX_264_526
chrX_872_548
chrX_321_731
chrX_495_678
chrX_177_363
chrX_819_363
chrX_538_608
chrX_166_150
chrX_414_150
chrX_893_522
chrX_89_538
chrX_773_133
chrX_784_775
chrX_956_775
chrX_670_773
chrX_843_773
chrX_699_249
chrX_63_794
chrX_289_794
chrX_878_794
chrX_910_205
chrX_572_516
chrX_402_155
chrX_67_384
chrX_465_50
chrX_642_330
chrX_745_737
chrX_826_216
chrX_543_312
chrX_136_800
chrX_883_625
chrX_149_736
chrX_520_101
chrX_71_313
chrX_602_64
chrX_817_201
chrUn_KI270744v1_56_1
chr4_GL383527v1_alt_19_2
chr1_GL383519v1_alt_539_1
chr1_24_846
chr1_234_846
chr1_466_377
chr1_472_864
chr1_137_1245
chr1_426_1245
chr1_24_1215
chr1_338_1215
chr1_646_1133
chr1_313_1174
chr1_684_408
chr1_938_545
chr1_186_913
chr1_524_1250
chr1_344_653
chr1_375_382
chr1_699_382
chr1_943_489
chr1_222_1401
chr1_987_1401
chr1_964_1082
chr1_60_114
chr1_10_733
chr1_21_733
chr1_141_733
chr1_619_733
chr1_905_1298
chr1_224_1240
chr1_522_1240
chr1_64_1066
chr1_89_708
chr1_149_443
chr1_787_138
chr1_826_555
chr1_55_976
chr1_117_349
chr1_418_349
chr1_153_883
chr1_176_1232
chr1_178_1232
chr1_897_1232
chr1_161_1406
chr1_718_1340
chr1_416_189
chr1_77_207
chr1_948_207
chr1_43_721
chr1_606_721
chr1_522_88
chr1_269_51
chr1_854_1005
chr1_315_423
chr1_993_113
chr1_926_340
chr1_818_1107
chr1_926_1107
chr1_929_70
chr1_307_491
chr1_486_547
chr1_948_1252
chr1_912_376
chr1_996_240
chr1_997_240
chr1_278_1002
chr1_441_1001
chr1_517_159
chr1_11_815
chr1_33_1485
chr1_937_1025
chr1_925_90
chr1_318_769
chr1_655_776
chr1_693_1039
chr1_209_589
chr1_982_589
chr1_690_81
chr1_652_1105
chr1_384_1190
chr1_463_1190
chr1_184_6
chr1_41_380
chr1_431_380
chr1_626_380
chr1_767_380
chr1_438_1433
chr1_539_1303
chr1_440_53
chr1_801_53
chr1_846_1375
chr1_864_1375
chr1_915_1375
chr1_286_770
chr1_519_455
chr1_945_461
chr1_85_1081
chr1_198_862
chr1_454_778
chr1_129_689
chr1_931_353
chr1_933_353
chr1_754_753
chr1_656_1068
chr1_766_1396
chr1_160_926
chr1_152_895
chr1_694_704
chr1_738_966
chr1_251_929
chr1_265_929
chr1_420_107
chr1_833_178
chr1_816_858
chr1_865_446
chr1_679_897
chr1_23_118
chr1_693_541
chr1_952_1191
chr1_745_1069
chr1_199_1108
chr1_94_928
chr1_437_324
chr1_146_253
chr1_688_740
chr1_768_740
chr1_885_740
chr1_419_219
chr1_180_1036
chr1_747_33
chr1_698_26
chr1_396_693
chr1_490_1471
chr1_322_158
chr1_323_158
chr1_833_425
chr1_71_1172
chr1_230_1027
chr1_388_236
chr1_867_527
chr1_851_281
chr1_233_1287
chr1_4_480
chr1_645_480
chr1_805_598
chr1_29_1329
chr1_250_1261
chr1_507_998
chr1_468_190
chr1_900_190
chr1_327_73
chr1_60_252
chr1_408_252
chr1_66_59
chr1_172_59
chr1_253_641
chr1_657_641
chr1_373_297
chr1_76_1357
chr1_80_1357
chr1_237_1073
chr1_584_175
chr1_658_1170
chr1_806_1099
chr1_56_1208
chr1_68_1042
chr1_744_528
chr1_759_590
chr1_152_658
chr1_687_921
chr1_652_979
chr1_559_369
chr1_810_369
chr1_560_1123
chr1_181_256
chr1_39_68
chr1_614_1184
chr1_886_755
chr1_888_755
chr1_987_1048
chr1_318_1399
chr1_760_1200
chr1_99_640
chr1_79_584
chr1_977_953
chr1_797_575
chr1_276_715
chr1_660_1013
chr1_227_1160
chr1_847_1267
chr1_463_244
chr1_776_964
chr1_904_391
chr1_639_968
chr1_434_642
chr1_604_813
chr1_265_725
chr1_75_1302
chr1_176_1302
chr1_409_623
chr1_478_1228
chr1_27_23
chr1_207_23
chr1_447_23
chr1_589_1125
chr1_503_108
chr1_989_1484
chr1_151_319
chr1_63_204
chr1_465_204
chr1_979_1412
chr1_138_1337
chr1_677_1337
chr1_412_392
chr1_255_634
chr1_606_67
chr1_364_774
chr1_202_1061
chr1_613_1007
chr1_939_1007
chr1_463_167
chr1_898_231
chr1_96_248
chr1_725_179
chr1_296_699
chr1_589_699
chr1_192_1177
chr1_318_448
chr1_149_962
chr1_419_410
chr1_220_171
chr1_482_1016
chr1_675_1016
chr1_752_762
chr1_954_762
chr1_869_1251
chr1_52_1407
chr1_968_1167
chr1_582_152
chr1_383_242
chr1_423_729
chr1_651_958
chr1_782_1253
chr1_336_1362
chr1_951_1419
chr1_75_1053
chr1_760_40
chr1_716_834
chr1_847_735
chr1_793_784
chr1_353_394
chr1_762_1185
chr1_829_1185
chr1_492_194
chr1_589_128
chr1_334_120
chr1_824_611
chr1_12_86
chr1_104_86
chr1_295_86
chr1_162_1444
chr1_689_504
chr1_981_1178
chr1_881_536
chr1_1000_536
chr1_912_418
chr1_250_597
chr1_862_278
chr1_271_614
chr1_949_1312
chr1_760_1212
chr1_695_875
chr1_716_1241
chr1_249_1226
chr1_683_183
chr1_499_1189
chr1_738_1189
chr1_785_1189
chr1_705_874
chr1_442_950
chr1_379_1093
chr1_135_331
chr1_144_331
chr1_701_331
chr1_888_1315
chr1_223_1374
chr1_665_1374
chr1_885_193
chr1_610_430
chr1_212_842
chr1_267_1363
chr1_521_1084
chr1_322_296
chr1_523_296
chr1_727_559
chr1_784_556
chr1_502_1072
chr1_427_1472
chr1_872_401
chr1_482_906
chr1_697_371
chr1_877_907
chr1_972_907
chr1_980_1157
chr1_910_1282
chr1_220_718
chr1_427_718
chr1_671_515
chr1_888_702
chr1_64_1075
chr1_615_1075
chr1_83_847
chr1_664_847
chr1_536_662
chr1_195_564
chr1_743_741
chr1_772_797
chr1_718_1235
chr1_265_1041
chr1_287_1041
chr1_411_1465
chr1_30_685
chr1_588_22
chr1_589_571
chr1_112_1187
chr1_754_1295
chr1_671_334
chr1_211_1323
chr1_422_13
chr1_251_1296
chr1_318_554
chr1_236_831
chr1_640_1088
chr1_305_1095
chr1_230_497
chr1_673_786
chr1_37_562
chr1_69_321
chr1_775_431
chr1_561_360
chr1_274_1400
chr1_5_752
chr1_176_1264
chr1_936_1391
chr1_626_176
chr1_600_570
chr1_52_187
chr1_767_85
chr1_40_1392
chr1_89_37
chr1_649_104
chr1_904_104
chr1_678_163
chr1_802_610
chr1_935_610
chr1_598_399
chr1_215_754
chr1_23_785
chr1_842_766
chr1_659_1355
chr1_974_924
chr1_583_546
chr1_705_1222
chr1_120_543
chr1_278_543
chr1_832_1467
chr1_918_258
chr1_441_482
chr1_165_624
chr1_896_959
chr1_600_245
chr1_773_245
chr1_182_261
chr1_402_261
chr1_562_116
chr1_3_54
chr1_175_789
chr1_637_782
chr1_291_1319
chr1_627_905
chr1_169_31
chr1_643_855
chr1_707_855
chr1_447_57
chr1_562_57
chr1_403_705
chr1_624_688
chr1_763_688
chr1_308_1347
chr1_691_485
chr1_804_485
chr1_80_909
chr1_507_1368
chr1_11_1324
chr1_365_1324
chr1_85_326
chr1_108_326
chr1_367_1331
chr1_225_637
chr1_438_1313
chr1_504_1313
chr1_733_1313
chr1_601_1432
chr1_728_1333
chr1_838_1468
chr1_482_616
chr1_148_220
chr1_679_220
chr1_686_549
chr1_60_706
chr1_663_706
chr1_803_706
chr1_792_32
chr1_999_672
chr1_414_1131
chr1_669_1367
chr1_805_1367
chr1_972_1292
chr1_487_1032
chr1_118_956
chr1_5_1221
chr1_384_749
chr1_972_749
chr1_768_1260
chr1_393_857
chr1_258_259
chr1_867_259
chr1_73_341
chr1_594_111
chr1_686_1476
chr1_112_1334
chr1_385_974
chr1_49_5
chr1_234_5
chr1_105_475
chr1_226_123
chr1_961_965
chr1_304_586
chr1_946_829
chr1_575_1291
chr1_635_358
chr1_9_1373
chr1_61_10
chr1_222_10
chr1_283_10
chr1_850_1098
chr1_107_9
chr1_157_9
chr1_255_9
chr1_279_9
chr1_920_9
chr1_613_481
chr1_643_1100
chr1_681_1254
chr1_996_494
chr1_975_602
chr1_914_667
chr1_721_1145
chr1_845_530
chr1_867_225
chr1_132_419
chr1_324_404
chr1_475_896
chr1_310_283
chr1_709_169
chr1_452_1308
chr1_526_134
chr1_309_350
chr1_553_16
chr1_296_184
chr1_963_184
chr1_734_471
chr1_798_314
chr1_298_1203
chr1_350_1203
chr1_395_1203
chr1_69_1410
chr1_919_882
chr1_200_534
chr1_176_1403
chr1_704_511
chr1_762_39
chr1_994_1198
chr1_483_886
chr1_368_986
chr1_641_986
chr1_630_703
chr1_625_853
chr1_831_853
chr1_147_87
chr1_351_75
chr1_511_1294
chr1_804_1294
chr1_45_1057
chr1_774_863
chr1_775_863
chr1_779_863
chr1_166_77
chr1_134_1502
chr1_608_174
chr1_743_241
chr1_820_746
chr1_7_181
chr1_298_995
chr1_468_992
chr1_7_1165
chr1_158_442
chr1_738_1306
chr1_552_58
chr1_919_1038
chr1_540_638
chr1_3_164
chr1_45_1120
chr1_449_500
chr1_617_397
chr1_641_960
chr1_981_960
chr1_803_414
chr1_154_464
chr1_121_96
chr1_63_1360
chr1_815_679
chr1_147_723
chr1_220_931
chr1_70_678
chr1_63_835
chr1_165_835
chr1_444_835
chr1_923_379
chr1_53_150
chr1_465_150
chr1_618_1405
chr1_397_1094
chr1_943_1094
chr1_980_764
chr1_217_505
chr1_408_263
chr1_530_263
chr1_778_775
chr1_148_1266
chr1_24_1326
chr1_402_249
chr1_520_812
chr1_812_682
chr1_803_315
chr1_429_1126
chr1_304_796
chr1_521_980
chr1_928_205
chr1_386_860
chr1_281_361
chr1_530_361
chr1_786_361
chr1_882_900
chr1_358_346
chr1_658_346
chr1_489_50
chr1_557_50
chr1_583_811
chr1_775_811
chr1_277_366
chr1_234_698
chr1_385_920
chr1_823_312
chr1_302_600
chr1_202_1028
chr1_692_891
chr1_954_1086
chr1_817_98
chr1_831_486
chr1_265_466
chr1_927_466
chr1_379_413
chr1_984_1414
chr1_334_1134
chr1_482_1134
chr1_61_588
chr1_583_588
chr1_865_1192
chr1_86_165
chr1_99_165
chr1_293_744
chr1_726_1390
chr1_444_1279
chr7_KI270803v1_alt_722_6
chr7_KI270803v1_alt_668_4
chr7_KI270803v1_alt_209_3
chr7_KI270803v1_alt_778_1
chr12_GL877876v1_alt_578_1
chr21_705_200
chr21_764_146
chr21_602_114
chr21_478_138
chr21_270_173
chr21_127_145
chr21_106_90
chr21_808_90
chr21_232_103
chr21_467_178
chr21_999_210
chr21_835_33
chr21_579_99
chr21_596_99
chr21_745_149
chr21_525_229
chr21_929_148
chr21_795_61
chr21_509_190
chr21_363_59
chr21_850_140
chr21_202_206
chr21_930_206
chr21_432_228
chr21_591_199
chr21_666_95
chr21_731_128
chr21_634_120
chr21_247_86
chr21_950_115
chr21_312_154
chr21_450_226
chr21_478_29
chr21_81_170
chr21_987_74
chr21_604_136
chr21_792_112
chr21_589_37
chr21_710_188
chr21_459_142
chr21_753_168
chr21_185_12
chr21_140_123
chr21_83_177
chr21_488_177
chr21_508_169
chr21_771_39
chr21_41_60
chr21_171_35
chr21_965_174
chr21_688_96
chr21_740_133
chr21_245_155
chr21_899_155
chr21_487_98
chr21_277_101
chr21_915_64
chr21_913_34
chr3_21_377
chr3_106_864
chr3_697_864
chr3_517_1245
chr3_585_1245
chr3_997_484
chr3_816_933
chr3_61_1215
chr3_726_1215
chr3_369_317
chr3_599_1029
chr3_857_247
chr3_338_1114
chr3_980_1113
chr3_173_545
chr3_654_826
chr3_666_826
chr3_724_1049
chr3_755_663
chr3_524_1082
chr3_774_1082
chr3_640_1097
chr3_888_1097
chr3_259_114
chr3_761_733
chr3_818_508
chr3_337_821
chr3_689_266
chr3_707_266
chr3_941_795
chr3_241_532
chr3_835_532
chr3_972_1232
chr3_46_375
chr3_337_633
chr3_808_633
chr3_251_359
chr3_349_671
chr3_110_1220
chr3_319_1220
chr3_680_844
chr3_771_844
chr3_892_844
chr3_58_88
chr3_450_1091
chr3_625_121
chr3_155_1005
chr3_140_423
chr3_177_434
chr3_22_972
chr3_459_340
chr3_683_340
chr3_797_295
chr3_425_1107
chr3_758_491
chr3_171_949
chr3_415_949
chr3_43_1252
chr3_252_233
chr3_865_839
chr3_262_585
chr3_382_1259
chr3_152_376
chr3_280_376
chr3_29_1182
chr3_924_1101
chr3_404_970
chr3_453_90
chr3_766_769
chr3_341_327
chr3_92_776
chr3_995_776
chr3_446_1039
chr3_966_589
chr3_800_81
chr3_185_6
chr3_339_6
chr3_123_395
chr3_889_395
chr3_983_849
chr3_266_338
chr3_18_284
chr3_914_284
chr3_639_282
chr3_698_1202
chr3_750_862
chr3_461_243
chr3_174_299
chr3_780_615
chr3_699_689
chr3_943_353
chr3_921_753
chr3_654_103
chr3_681_103
chr3_695_78
chr3_36_1080
chr3_986_628
chr3_7_257
chr3_702_609
chr3_464_966
chr3_53_27
chr3_274_27
chr3_960_1272
chr3_269_922
chr3_165_523
chr3_903_925
chr3_9_767
chr3_650_446
chr3_938_446
chr3_170_211
chr3_218_211
chr3_492_476
chr3_28_627
chr3_103_572
chr3_672_572
chr3_878_572
chr3_453_1191
chr3_753_1108
chr3_19_759
chr3_838_1256
chr3_227_1006
chr3_46_324
chr3_760_324
chr3_974_253
chr3_596_1154
chr3_622_1130
chr3_988_1130
chr3_44_1036
chr3_483_1036
chr3_692_1036
chr3_527_1225
chr3_157_33
chr3_353_49
chr3_213_425
chr3_300_318
chr3_848_318
chr3_84_911
chr3_614_757
chr3_226_196
chr3_267_818
chr3_713_818
chr3_918_818
chr3_715_347
chr3_481_236
chr3_869_148
chr3_688_18
chr3_878_510
chr3_94_4
chr3_375_598
chr3_865_1009
chr3_67_593
chr3_87_593
chr3_32_61
chr3_387_132
chr3_607_132
chr3_976_73
chr3_413_252
chr3_822_825
chr3_13_502
chr3_703_1276
chr3_107_1073
chr3_460_1073
chr3_298_1170
chr3_83_517
chr3_296_528
chr3_608_528
chr3_635_1035
chr3_634_1046
chr3_978_755
chr3_516_636
chr3_70_127
chr3_299_65
chr3_385_65
chr3_342_102
chr3_13_398
chr3_119_561
chr3_109_715
chr3_478_507
chr3_518_1013
chr3_979_1013
chr3_401_322
chr3_498_322
chr3_517_322
chr3_558_322
chr3_208_244
chr3_545_251
chr3_546_251
chr3_470_1020
chr3_572_968
chr3_665_991
chr3_243_336
chr3_787_336
chr3_665_14
chr3_12_129
chr3_161_730
chr3_733_415
chr3_404_861
chr3_701_861
chr3_508_204
chr3_739_806
chr3_878_806
chr3_470_681
chr3_705_751
chr3_19_768
chr3_853_392
chr3_811_1233
chr3_571_774
chr3_448_1061
chr3_646_1007
chr3_705_1007
chr3_239_231
chr3_59_1076
chr3_588_1230
chr3_275_95
chr3_878_962
chr3_867_982
chr3_399_1109
chr3_713_410
chr3_795_52
chr3_54_171
chr3_981_999
chr3_897_763
chr3_297_729
chr3_2_345
chr3_368_345
chr3_468_345
chr3_470_345
chr3_671_345
chr3_69_429
chr3_839_429
chr3_969_474
chr3_508_488
chr3_348_898
chr3_121_784
chr3_577_670
chr3_578_670
chr3_536_120
chr3_213_80
chr3_125_421
chr3_992_86
chr3_280_903
chr3_257_580
chr3_813_580
chr3_910_1178
chr3_164_536
chr3_169_536
chr3_959_647
chr3_882_904
chr3_840_1269
chr3_949_614
chr3_69_732
chr3_589_732
chr3_655_732
chr3_228_1236
chr3_882_1236
chr3_216_115
chr3_869_428
chr3_479_700
chr3_579_180
chr3_530_143
chr3_237_1189
chr3_202_803
chr3_661_492
chr3_686_772
chr3_275_874
chr3_406_1129
chr3_485_696
chr3_587_850
chr3_527_270
chr3_816_84
chr3_636_296
chr3_566_559
chr3_299_694
chr3_597_556
chr3_830_556
chr3_56_823
chr3_716_401
chr3_963_401
chr3_740_1003
chr3_876_1078
chr3_832_906
chr3_725_907
chr3_37_1268
chr3_236_1075
chr3_944_197
chr3_901_910
chr3_453_745
chr3_660_797
chr3_271_1235
chr3_445_411
chr3_829_112
chr3_993_112
chr3_937_1115
chr3_790_840
chr3_706_869
chr3_387_13
chr3_734_479
chr3_198_739
chr3_233_595
chr3_203_963
chr3_510_963
chr3_7_1207
chr3_176_878
chr3_950_831
chr3_506_901
chr3_262_161
chr3_906_832
chr3_18_147
chr3_605_799
chr3_119_360
chr3_973_752
chr3_233_1264
chr3_562_760
chr3_799_617
chr3_548_535
chr3_644_568
chr3_666_187
chr3_950_457
chr3_765_1143
chr3_774_1117
chr3_600_808
chr3_313_104
chr3_602_441
chr3_208_754
chr3_537_877
chr3_658_877
chr3_817_877
chr3_53_280
chr3_172_546
chr3_929_42
chr3_318_258
chr3_821_607
chr3_754_124
chr3_641_223
chr3_307_624
chr3_529_624
chr3_978_959
chr3_721_830
chr3_783_1255
chr3_211_245
chr3_736_245
chr3_165_261
chr3_448_144
chr3_61_116
chr3_63_307
chr3_528_307
chr3_152_1237
chr3_576_188
chr3_528_1159
chr3_73_142
chr3_556_142
chr3_847_142
chr3_804_1280
chr3_149_705
chr3_387_286
chr3_630_553
chr3_693_156
chr3_470_930
chr3_290_876
chr3_309_1087
chr3_270_521
chr3_216_899
chr3_991_677
chr3_594_208
chr3_64_1026
chr3_661_603
chr3_717_616
chr3_607_975
chr3_956_975
chr3_151_220
chr3_851_141
chr3_528_537
chr3_463_990
chr3_501_1083
chr3_635_1083
chr3_146_661
chr3_34_1131
chr3_910_1131
chr3_757_265
chr3_978_1210
chr3_194_956
chr3_819_1221
chr3_896_932
chr3_73_856
chr3_586_111
chr3_270_529
chr3_580_209
chr3_653_209
chr3_142_872
chr3_988_872
chr3_633_289
chr3_278_551
chr3_442_160
chr3_438_89
chr3_157_10
chr3_725_1098
chr3_282_232
chr3_938_1112
chr3_877_1100
chr3_83_1242
chr3_376_888
chr3_705_1254
chr3_101_673
chr3_236_673
chr3_27_612
chr3_336_494
chr3_143_91
chr3_209_602
chr3_706_530
chr3_958_404
chr3_972_404
chr3_528_896
chr3_564_1062
chr3_157_393
chr3_409_393
chr3_360_16
chr3_517_16
chr3_788_184
chr3_413_325
chr3_890_325
chr3_175_11
chr3_160_471
chr3_112_454
chr3_972_314
chr3_37_435
chr3_732_435
chr3_341_1119
chr3_11_122
chr3_703_122
chr3_949_122
chr3_283_534
chr3_747_534
chr3_448_511
chr3_204_619
chr3_830_357
chr3_329_60
chr3_318_886
chr3_733_703
chr3_859_1176
chr3_302_711
chr3_897_711
chr3_617_35
chr3_972_28
chr3_88_863
chr3_193_1011
chr3_558_1194
chr3_707_69
chr3_23_790
chr3_697_790
chr3_49_746
chr3_330_995
chr3_535_802
chr3_330_1243
chr3_103_524
chr3_179_1023
chr3_445_1023
chr3_884_2
chr3_465_96
chr3_498_723
chr3_836_723
chr3_539_1275
chr3_481_934
chr3_795_934
chr3_146_450
chr3_320_1271
chr3_47_867
chr3_549_812
chr3_836_794
chr3_502_582
chr3_538_682
chr3_648_315
chr3_851_315
chr3_643_1126
chr3_183_980
chr3_913_378
chr3_346_860
chr3_834_361
chr3_306_1281
chr3_380_1079
chr3_674_50
chr3_99_264
chr3_251_923
chr3_212_889
chr3_44_1028
chr3_368_891
chr3_455_891
chr3_619_1086
chr3_378_865
chr3_324_686
chr3_250_1022
chr3_434_427
chr3_628_736
chr3_176_588
chr3_515_101
chr3_407_1192
chr3_441_313
chr3_651_313
chr3_952_313
chr3_764_750
chr3_995_165
chr3_954_539
chr3_801_744
chr3_659_1279
chr3_574_1074
chr3_461_918
chr3_206_34
chr21_KI270874v1_alt_536_1
chr6_GL000254v2_alt_648_18
chr6_GL000254v2_alt_847_14
chr6_GL000254v2_alt_898_19
chr6_GL000254v2_alt_43_10
chr6_GL000254v2_alt_776_10
chr6_GL000254v2_alt_60_16
chr5_KI270796v1_alt_395_1
chr5_KI270796v1_alt_606_1
chr5_KI270794v1_alt_431_1
chr18_GL383568v1_alt_481_1
chr1_GL383518v1_alt_194_1
chr17_KI270908v1_alt_712_4
chr17_KI270908v1_alt_575_8
chr17_KI270908v1_alt_840_9
chr1_KI270762v1_alt_73_3
chr1_KI270762v1_alt_563_1
chr1_KI270762v1_alt_912_1
chr17_KI270858v1_alt_358_2
chr22_GL383582v2_alt_834_1
chr12_GL383552v1_alt_744_1
chr14_838_512
chr14_81_200
chr14_422_317
chr14_791_557
chr14_270_519
chr14_573_519
chr14_502_83
chr14_607_468
chr14_285_303
chr14_617_540
chr14_339_443
chr14_645_458
chr14_951_406
chr14_81_173
chr14_399_370
chr14_862_370
chr14_463_300
chr14_545_300
chr14_949_145
chr14_136_301
chr14_434_544
chr14_670_544
chr14_993_88
chr14_733_459
chr14_290_70
chr14_894_70
chr14_982_233
chr14_733_344
chr14_128_159
chr14_797_390
chr14_702_327
chr14_826_6
chr14_376_395
chr14_397_380
chr14_428_460
chr14_6_243
chr14_656_396
chr14_600_27
chr14_955_44
chr14_583_389
chr14_724_518
chr14_299_260
chr14_989_260
chr14_638_572
chr14_148_348
chr14_599_219
chr14_280_198
chr14_401_76
chr14_358_318
chr14_421_347
chr14_192_4
chr14_290_4
chr14_226_61
chr14_351_190
chr14_980_445
chr14_711_73
chr14_118_297
chr14_942_362
chr14_544_528
chr14_955_528
chr14_764_369
chr14_645_102
chr14_380_398
chr14_663_239
chr14_313_322
chr14_323_251
chr14_854_251
chr14_798_336
chr14_2_381
chr14_892_23
chr14_956_415
chr14_100_250
chr14_275_250
chr14_63_319
chr14_183_319
chr14_805_319
chr14_88_351
chr14_555_453
chr14_629_436
chr14_737_436
chr14_339_167
chr14_354_231
chr14_622_231
chr14_46_498
chr14_639_498
chr14_842_448
chr14_985_95
chr14_503_410
chr14_682_15
chr14_960_15
chr14_749_93
chr14_661_578
chr14_775_578
chr14_276_152
chr14_135_574
chr14_667_574
chr14_936_474
chr14_251_40
chr14_266_40
chr14_299_394
chr14_585_194
chr14_562_120
chr14_757_271
chr14_587_86
chr14_17_504
chr14_345_339
chr14_270_278
chr14_57_302
chr14_617_302
chr14_385_477
chr14_714_492
chr14_838_492
chr14_639_438
chr14_162_331
chr14_313_29
chr14_938_153
chr14_341_84
chr14_177_296
chr14_479_560
chr14_493_401
chr14_697_273
chr14_29_136
chr14_982_136
chr14_941_495
chr14_696_112
chr14_145_334
chr14_96_554
chr14_162_554
chr14_200_309
chr14_670_562
chr14_680_562
chr14_64_147
chr14_110_321
chr14_840_360
chr14_142_176
chr14_638_568
chr14_486_187
chr14_681_457
chr14_618_131
chr14_566_85
chr14_724_399
chr14_476_182
chr14_97_42
chr14_782_124
chr14_445_566
chr14_328_451
chr14_690_513
chr14_919_116
chr14_949_116
chr14_699_238
chr14_525_298
chr14_653_298
chr14_513_286
chr14_648_286
chr14_361_553
chr14_751_156
chr14_650_388
chr14_752_485
chr14_215_304
chr14_735_292
chr14_270_311
chr14_484_407
chr14_399_265
chr14_53_72
chr14_359_72
chr14_836_72
chr14_334_341
chr14_926_364
chr14_113_579
chr14_339_529
chr14_611_289
chr14_581_310
chr14_128_46
chr14_215_123
chr14_83_285
chr14_39_9
chr14_679_267
chr14_7_224
chr14_99_290
chr14_18_404
chr14_28_350
chr14_797_403
chr14_142_449
chr14_195_454
chr14_131_314
chr14_190_75
chr14_236_342
chr14_576_342
chr14_411_467
chr14_448_58
chr14_156_524
chr14_944_409
chr14_158_397
chr14_281_397
chr14_796_363
chr14_26_379
chr14_240_316
chr14_513_538
chr14_94_79
chr14_393_333
chr14_609_333
chr14_237_38
chr14_913_205
chr14_994_155
chr14_53_330
chr14_413_264
chr14_193_312
chr14_213_213
chr14_655_213
chr14_880_213
chr14_348_98
chr14_527_413
chr14_214_165
chr14_54_539
chr14_916_539
chr14_54_34
chr1_KI270759v1_alt_620_2
chr8_KI270811v1_alt_171_2
chr5_GL339449v2_alt_536_7
chr5_GL339449v2_alt_297_4
chr5_GL339449v2_alt_370_2
chr15_GL383555v2_alt_340_2
chr14_KI270846v1_alt_290_3
chr14_KI270846v1_alt_548_3
chr17_JH159146v1_alt_276_1
chr17_JH159146v1_alt_152_2
chr5_KI270791v1_alt_66_2
chr5_GL383530v1_alt_60_1
chr4_452_846
chr4_594_846
chr4_357_512
chr4_151_919
chr4_1000_484
chr4_302_200
chr4_384_933
chr4_81_1174
chr4_961_1174
chr4_257_519
chr4_47_1114
chr4_570_1113
chr4_841_1113
chr4_426_710
chr4_116_913
chr4_917_117
chr4_748_489
chr4_138_540
chr4_614_708
chr4_576_555
chr4_512_976
chr4_347_883
chr4_540_883
chr4_294_7
chr4_516_7
chr4_375_105
chr4_380_795
chr4_961_902
chr4_146_406
chr4_563_173
chr4_320_643
chr4_574_370
chr4_660_300
chr4_179_275
chr4_73_1005
chr4_476_707
chr4_267_295
chr4_469_295
chr4_337_1001
chr4_132_159
chr4_821_287
chr4_587_1039
chr4_46_338
chr4_523_92
chr4_445_770
chr4_927_770
chr4_58_455
chr4_686_455
chr4_495_237
chr4_912_626
chr4_539_243
chr4_875_704
chr4_183_27
chr4_291_27
chr4_870_922
chr4_333_417
chr4_686_523
chr4_284_518
chr4_303_897
chr4_662_897
chr4_105_118
chr4_489_476
chr4_652_476
chr4_412_541
chr4_647_221
chr4_225_1108
chr4_171_928
chr4_841_1154
chr4_900_26
chr4_340_693
chr4_203_368
chr4_142_151
chr4_235_425
chr4_809_425
chr4_741_76
chr4_19_329
chr4_118_149
chr4_260_911
chr4_570_757
chr4_100_1071
chr4_203_236
chr4_788_236
chr4_409_148
chr4_771_148
chr4_307_18
chr4_254_981
chr4_146_281
chr4_162_281
chr4_790_1009
chr4_895_1009
chr4_907_998
chr4_448_445
chr4_707_445
chr4_53_59
chr4_292_641
chr4_273_1140
chr4_860_1140
chr4_713_1073
chr4_37_517
chr4_233_335
chr4_72_1123
chr4_984_256
chr4_427_843
chr4_341_640
chr4_372_127
chr4_632_1135
chr4_857_1135
chr4_100_701
chr4_838_701
chr4_860_239
chr4_79_1013
chr4_470_1013
chr4_194_1160
chr4_867_652
chr4_127_294
chr4_60_1033
chr4_640_509
chr4_9_991
chr4_913_642
chr4_633_336
chr4_636_336
chr4_697_942
chr4_710_94
chr4_396_305
chr4_581_305
chr4_662_305
chr4_283_108
chr4_54_100
chr4_151_319
chr4_313_751
chr4_575_634
chr4_466_67
chr4_980_67
chr4_640_436
chr4_360_405
chr4_645_248
chr4_958_191
chr4_629_498
chr4_504_699
chr4_30_962
chr4_232_999
chr4_588_763
chr4_799_763
chr4_464_958
chr4_924_474
chr4_625_1103
chr4_223_1127
chr4_264_40
chr4_710_898
chr4_920_394
chr4_266_1116
chr4_928_1116
chr4_986_1146
chr4_528_647
chr4_774_904
chr4_311_437
chr4_720_437
chr4_286_983
chr4_883_875
chr4_462_302
chr4_761_428
chr4_366_477
chr4_678_477
chr4_678_473
chr4_895_691
chr4_325_1138
chr4_52_874
chr4_473_438
chr4_711_331
chr4_224_850
chr4_947_109
chr4_304_836
chr4_829_170
chr4_282_971
chr4_660_971
chr4_943_296
chr4_706_293
chr4_955_1072
chr4_749_401
chr4_125_1003
chr4_860_542
chr4_469_136
chr4_628_515
chr4_945_702
chr4_436_495
chr4_304_197
chr4_330_662
chr4_491_564
chr4_365_741
chr4_368_741
chr4_597_618
chr4_641_411
chr4_834_411
chr4_59_1041
chr4_137_1041
chr4_520_1041
chr4_39_447
chr4_39_941
chr4_21_106
chr4_443_230
chr4_972_230
chr4_126_963
chr4_270_119
chr4_381_119
chr4_597_917
chr4_850_917
chr4_942_917
chr4_62_841
chr4_370_901
chr4_421_832
chr4_501_147
chr4_583_431
chr4_963_360
chr4_82_752
chr4_649_126
chr4_785_535
chr4_18_568
chr4_27_568
chr4_29_568
chr4_241_457
chr4_110_131
chr4_910_765
chr4_523_1117
chr4_173_695
chr4_259_695
chr4_448_546
chr4_184_543
chr4_454_258
chr4_212_607
chr4_128_820
chr4_395_566
chr4_233_451
chr4_792_451
chr4_52_513
chr4_824_959
chr4_381_116
chr4_887_456
chr4_843_905
chr4_226_1044
chr4_824_1044
chr4_817_629
chr4_741_1010
chr4_316_57
chr4_556_520
chr4_31_156
chr4_788_804
chr4_956_728
chr4_565_373
chr4_436_1087
chr4_640_311
chr4_186_521
chr4_350_677
chr4_25_208
chr4_60_1026
chr4_301_1026
chr4_871_1026
chr4_359_374
chr4_730_374
chr4_387_407
chr4_456_577
chr4_774_606
chr4_298_639
chr4_143_990
chr4_94_32
chr4_763_661
chr4_301_866
chr4_125_72
chr4_941_1110
chr4_288_579
chr4_808_130
chr4_139_529
chr4_352_872
chr4_959_872
chr4_42_310
chr4_22_160
chr4_528_1122
chr4_885_46
chr4_840_123
chr4_358_965
chr4_8_829
chr4_606_851
chr4_176_646
chr4_438_232
chr4_87_994
chr4_119_916
chr4_375_224
chr4_886_1112
chr4_571_888
chr4_331_612
chr4_661_91
chr4_111_602
chr4_615_667
chr4_181_225
chr4_509_290
chr4_82_1043
chr4_868_896
chr4_364_665
chr4_75_134
chr4_183_403
chr4_668_403
chr4_904_403
chr4_62_854
chr4_33_184
chr4_155_184
chr4_207_525
chr4_96_11
chr4_238_943
chr4_36_314
chr4_157_1119
chr4_868_1000
chr4_178_534
chr4_715_534
chr4_132_511
chr4_959_619
chr4_385_357
chr4_962_60
chr4_973_137
chr4_830_703
chr4_888_1158
chr4_876_35
chr4_764_1057
chr4_284_1011
chr4_905_69
chr4_899_995
chr4_801_442
chr4_530_21
chr4_679_1058
chr4_102_409
chr4_971_409
chr4_570_397
chr4_860_397
chr4_934_397
chr4_659_548
chr4_198_731
chr4_71_679
chr4_667_678
chr4_214_1141
chr4_858_150
chr4_922_150
chr4_768_450
chr4_354_133
chr4_193_263
chr4_21_1040
chr4_76_738
chr4_700_738
chr4_804_812
chr4_40_212
chr4_169_1126
chr4_447_1126
chr4_220_343
chr4_258_378
chr4_59_361
chr4_157_155
chr4_596_330
chr4_622_811
chr4_332_737
chr4_335_216
chr4_417_698
chr4_936_600
chr4_318_1086
chr4_903_1086
chr4_19_1070
chr4_654_865
chr4_305_800
chr4_380_1022
chr4_977_101
chr4_687_320
chr4_942_320
chr4_518_201
chr4_186_744
chr4_372_744
chr4_584_744
chr4_925_918
chr11_796_846
chr11_596_484
chr11_492_408
chr11_270_710
chr11_453_710
chr11_165_719
chr11_357_117
chr11_996_117
chr11_167_303
chr11_21_717
chr11_377_708
chr11_415_138
chr11_703_138
chr11_958_821
chr11_388_105
chr11_420_105
chr11_177_532
chr11_45_406
chr11_31_173
chr11_717_569
chr11_106_633
chr11_82_844
chr11_644_301
chr11_993_659
chr11_200_125
chr11_770_491
chr11_168_547
chr11_46_463
chr11_639_344
chr11_177_90
chr11_559_390
chr11_626_769
chr11_810_234
chr11_953_422
chr11_19_589
chr11_689_6
chr11_950_395
chr11_949_380
chr11_21_215
chr11_767_53
chr11_486_92
chr11_81_282
chr11_341_460
chr11_970_218
chr11_493_455
chr11_206_237
chr11_498_412
chr11_33_299
chr11_465_615
chr11_226_689
chr11_623_689
chr11_154_103
chr11_10_78
chr11_65_78
chr11_208_27
chr11_578_27
chr11_648_417
chr11_717_178
chr11_411_269
chr11_19_262
chr11_340_389
chr11_829_822
chr11_108_221
chr11_821_837
chr11_697_253
chr11_180_33
chr11_944_33
chr11_12_819
chr11_796_368
chr11_103_139
chr11_997_777
chr11_212_151
chr11_323_425
chr11_19_318
chr11_672_318
chr11_908_329
chr11_606_149
chr11_282_734
chr11_378_734
chr11_162_818
chr11_323_714
chr11_526_148
chr11_108_510
chr11_276_852
chr11_344_4
chr11_95_598
chr11_961_632
chr11_368_825
chr11_282_502
chr11_733_59
chr11_799_59
chr11_876_59
chr11_374_297
chr11_464_48
chr11_403_140
chr11_533_140
chr11_639_335
chr11_113_758
chr11_333_758
chr11_374_758
chr11_535_758
chr11_583_843
chr11_657_68
chr11_813_8
chr11_720_640
chr11_190_227
chr11_158_636
chr11_580_636
chr11_328_398
chr11_951_398
chr11_840_561
chr11_269_715
chr11_914_833
chr11_880_195
chr11_273_391
chr11_846_652
chr11_860_294
chr11_690_565
chr11_181_725
chr11_79_23
chr11_491_415
chr11_533_558
chr11_427_108
chr11_107_319
chr11_661_806
chr11_434_392
chr11_175_634
chr11_46_67
chr11_585_231
chr11_835_231
chr11_76_306
chr11_578_306
chr11_307_410
chr11_608_410
chr11_119_762
chr11_697_578
chr11_852_345
chr11_850_487
chr11_27_613
chr11_982_394
chr11_156_80
chr11_673_421
chr11_869_421
chr11_593_611
chr11_611_611
chr11_702_86
chr11_88_418
chr11_354_647
chr11_279_597
chr11_557_302
chr11_882_781
chr11_42_473
chr11_316_222
chr11_511_222
chr11_873_691
chr11_872_772
chr11_200_154
chr11_68_430
chr11_297_170
chr11_465_255
chr11_515_270
chr11_337_823
chr11_943_823
chr11_545_416
chr11_633_273
chr11_355_371
chr11_104_581
chr11_695_515
chr11_679_702
chr11_719_702
chr11_720_702
chr11_682_197
chr11_41_741
chr11_706_745
chr11_89_618
chr11_617_411
chr11_910_112
chr11_617_840
chr11_551_106
chr11_574_47
chr11_420_230
chr11_567_683
chr11_628_595
chr11_507_531
chr11_352_328
chr11_639_497
chr11_113_832
chr11_571_832
chr11_588_832
chr11_996_43
chr11_817_760
chr11_692_55
chr11_962_126
chr11_974_535
chr11_437_783
chr11_309_420
chr11_206_63
chr11_227_279
chr11_921_131
chr11_29_104
chr11_298_441
chr11_439_441
chr11_677_400
chr11_703_400
chr11_623_258
chr11_488_792
chr11_880_482
chr11_257_124
chr11_181_566
chr11_301_566
chr11_580_451
chr11_671_830
chr11_160_162
chr11_887_747
chr11_890_747
chr11_921_188
chr11_253_31
chr11_903_629
chr11_178_855
chr11_187_57
chr11_912_57
chr11_469_553
chr11_401_520
chr11_600_156
chr11_974_156
chr11_861_622
chr11_879_311
chr11_79_677
chr11_700_748
chr11_272_720
chr11_853_720
chr11_86_637
chr11_615_637
chr11_62_367
chr11_371_367
chr11_889_12
chr11_826_616
chr11_527_606
chr11_657_32
chr11_420_661
chr11_946_72
chr11_594_111
chr11_412_838
chr11_849_289
chr11_758_824
chr11_96_444
chr11_382_46
chr11_792_586
chr11_828_586
chr11_557_690
chr11_330_285
chr11_442_851
chr11_462_10
chr11_732_10
chr11_544_232
chr11_909_267
chr11_973_267
chr11_727_848
chr11_588_91
chr11_512_602
chr11_303_177
chr11_362_134
chr11_424_134
chr11_363_184
chr11_79_827
chr11_116_454
chr11_635_122
chr11_698_511
chr11_829_60
chr11_656_87
chr11_708_716
chr11_813_77
chr11_146_790
chr11_654_790
chr11_796_790
chr11_981_442
chr11_60_21
chr11_631_21
chr11_709_469
chr11_931_638
chr11_885_500
chr11_158_464
chr11_532_96
chr11_996_723
chr11_360_678
chr11_400_651
chr11_400_668
chr11_582_812
chr11_742_582
chr11_439_212
chr11_832_315
chr11_34_205
chr11_43_205
chr11_902_97
chr11_799_378
chr11_712_346
chr11_293_216
chr11_527_312
chr11_242_486
chr11_400_800
chr11_714_800
chr11_764_800
chr11_990_736
chr11_243_750
chr11_443_750
chr11_565_744
chr11_457_596
chr11_KI270831v1_alt_178_3
chr11_KI270831v1_alt_437_2
chr16_KI270854v1_alt_67_2
chr16_KI270855v1_alt_1000_1
chr16_KI270855v1_alt_313_2
chr22_KI270734v1_random_994_1
chr12_917_512
chr12_547_317
chr12_18_557
chr12_338_710
chr12_728_826
chr12_246_717
chr12_446_653
chr12_104_540
chr12_630_138
chr12_272_821
chr12_622_727
chr12_808_349
chr12_914_7
chr12_402_266
chr12_920_266
chr12_223_105
chr12_559_105
chr12_854_795
chr12_773_375
chr12_10_697
chr12_105_406
chr12_643_359
chr12_728_359
chr12_150_145
chr12_444_145
chr12_870_301
chr12_433_275
chr12_554_659
chr12_185_121
chr12_240_423
chr12_863_423
chr12_1000_340
chr12_496_692
chr12_797_692
chr12_812_707
chr12_947_295
chr12_485_459
chr12_711_70
chr12_419_585
chr12_426_376
chr12_244_90
chr12_216_234
chr12_694_234
chr12_40_422
chr12_233_277
chr12_48_157
chr12_753_284
chr12_121_354
chr12_249_92
chr12_614_770
chr12_710_770
chr12_825_218
chr12_826_218
chr12_174_276
chr12_642_243
chr12_364_353
chr12_591_396
chr12_616_753
chr12_397_27
chr12_73_332
chr12_827_178
chr12_991_767
chr12_40_262
chr12_280_262
chr12_758_262
chr12_69_518
chr12_862_572
chr12_580_684
chr12_115_837
chr12_824_253
chr12_712_740
chr12_365_219
chr12_791_33
chr12_252_368
chr12_319_139
chr12_99_158
chr12_790_158
chr12_935_76
chr12_238_329
chr12_713_439
chr12_817_714
chr12_820_236
chr12_480_18
chr12_225_598
chr12_80_593
chr12_794_132
chr12_170_632
chr12_506_252
chr12_258_48
chr12_797_48
chr12_888_658
chr12_602_369
chr12_558_758
chr12_951_649
chr12_406_68
chr12_902_636
chr12_155_575
chr12_684_575
chr12_371_715
chr12_510_507
chr12_744_507
chr12_129_199
chr12_294_244
chr12_822_244
chr12_680_288
chr12_833_652
chr12_511_336
chr12_843_94
chr12_277_129
chr12_304_381
chr12_853_470
chr12_517_204
chr12_122_751
chr12_646_774
chr12_118_436
chr12_63_699
chr12_556_448
chr12_265_93
chr12_399_93
chr12_523_93
chr12_13_763
chr12_663_578
chr12_346_135
chr12_883_135
chr12_815_563
chr12_477_185
chr12_209_574
chr12_556_574
chr12_489_429
chr12_531_429
chr12_946_488
chr12_293_40
chr12_145_394
chr12_127_580
chr12_549_614
chr12_962_614
chr12_275_302
chr12_961_428
chr12_505_781
chr12_155_772
chr12_106_154
chr12_933_154
chr12_573_29
chr12_2_193
chr12_141_296
chr12_313_559
chr12_463_559
chr12_630_401
chr12_295_371
chr12_962_515
chr12_62_495
chr12_383_644
chr12_394_662
chr12_150_411
chr12_625_112
chr12_408_22
chr12_60_334
chr12_24_47
chr12_721_25
chr12_494_230
chr12_558_230
chr12_925_786
chr12_766_562
chr12_558_147
chr12_42_43
chr12_688_760
chr12_817_680
chr12_299_535
chr12_811_783
chr12_779_355
chr12_843_187
chr12_117_386
chr12_323_131
chr12_367_37
chr12_48_441
chr12_988_424
chr12_129_163
chr12_192_754
chr12_955_785
chr12_707_280
chr12_842_546
chr12_827_792
chr12_599_124
chr12_757_124
chr12_10_573
chr12_585_274
chr12_814_624
chr12_411_245
chr12_27_162
chr12_310_162
chr12_470_594
chr12_198_782
chr12_465_142
chr12_989_629
chr12_669_553
chr12_760_592
chr12_74_304
chr12_697_304
chr12_813_604
chr12_758_748
chr12_894_192
chr12_241_367
chr12_300_577
chr12_466_616
chr12_528_616
chr12_727_639
chr12_460_537
chr12_308_706
chr12_199_672
chr12_813_669
chr12_422_82
chr12_256_506
chr12_250_364
chr12_26_19
chr12_430_579
chr12_814_130
chr12_6_289
chr12_161_620
chr12_229_620
chr12_358_620
chr12_69_46
chr12_162_567
chr12_873_567
chr12_224_385
chr12_357_358
chr12_703_809
chr12_250_10
chr12_519_709
chr12_299_267
chr12_141_235
chr12_651_91
chr12_704_91
chr12_237_419
chr12_515_419
chr12_908_635
chr12_909_372
chr12_533_403
chr12_320_449
chr12_147_511
chr12_938_503
chr12_268_137
chr12_174_87
chr12_411_657
chr12_672_711
chr12_754_77
chr12_297_241
chr12_79_442
chr12_9_21
chr12_102_254
chr12_592_409
chr12_969_500
chr12_12_2
chr12_369_548
chr12_706_96
chr12_75_538
chr12_590_538
chr12_982_538
chr12_611_79
chr12_301_249
chr12_358_582
chr12_478_582
chr12_462_212
chr12_223_315
chr12_517_315
chr12_614_38
chr12_853_38
chr12_498_343
chr12_57_361
chr12_602_687
chr12_204_330
chr12_104_366
chr12_538_366
chr12_949_698
chr12_994_698
chr12_309_466
chr12_127_648
chr12_25_101
chr12_751_101
chr12_37_313
chr12_656_320
chr6_GL000250v2_alt_956_8
chr11_KI270902v1_alt_486_1
chr19_KI270938v1_alt_698_3
chr19_KI270938v1_alt_333_5
chr12_KI270904v1_alt_579_1
chr19_591_200
chr19_132_247
chr19_3_117
chr19_62_36
chr19_122_36
chr19_323_266
chr19_49_105
chr19_178_105
chr19_60_189
chr19_897_121
chr19_554_125
chr19_994_295
chr19_614_233
chr19_601_234
chr19_668_218
chr19_255_237
chr19_849_27
chr19_259_107
chr19_188_262
chr19_629_211
chr19_630_211
chr19_945_268
chr19_577_41
chr19_420_253
chr19_573_71
chr19_458_198
chr19_614_198
chr19_818_49
chr19_819_49
chr19_518_151
chr19_495_229
chr19_600_229
chr19_60_236
chr19_123_18
chr19_252_281
chr19_781_59
chr19_762_3
chr19_418_323
chr19_860_65
chr19_207_199
chr19_578_244
chr19_309_251
chr19_124_336
chr19_147_14
chr19_943_129
chr19_496_23
chr19_425_319
chr19_762_191
chr19_520_52
chr19_743_171
chr19_711_40
chr19_47_120
chr19_882_180
chr19_838_222
chr19_220_183
chr19_660_193
chr19_338_74
chr19_34_255
chr19_267_153
chr19_254_293
chr19_687_273
chr19_883_136
chr19_321_197
chr19_611_197
chr19_37_217
chr19_24_230
chr19_120_119
chr19_137_119
chr19_265_119
chr19_82_147
chr19_805_63
chr19_322_279
chr19_605_279
chr19_848_279
chr19_173_104
chr19_488_124
chr19_421_274
chr19_235_223
chr19_970_261
chr19_364_168
chr19_409_214
chr19_129_326
chr19_604_192
chr19_762_12
chr19_106_19
chr19_583_19
chr19_974_209
chr19_565_5
chr19_26_123
chr19_577_10
chr19_662_9
chr19_402_225
chr19_635_225
chr19_180_325
chr19_759_11
chr19_675_75
chr19_154_77
chr19_352_77
chr19_318_174
chr19_410_21
chr19_414_21
chr19_185_58
chr19_199_58
chr19_788_58
chr19_611_164
chr19_464_96
chr19_180_263
chr19_554_333
chr19_260_97
chr19_272_155
chr19_488_216
chr19_465_264
chr19_975_213
chr19_721_272
chr19_639_98
chr19_551_64
chrUn_GL000219v1_410_1
chr17_KI270861v1_alt_341_1
chr17_KI270857v1_alt_771_7
chr17_KI270857v1_alt_977_14
chr17_KI270857v1_alt_57_10
chr17_KI270857v1_alt_629_9
chrUn_GL000218v1_350_1
chr6_KI270797v1_alt_285_1
chr15_KI270850v1_alt_15_3
chr15_KI270850v1_alt_187_2
chr17_GL383563v3_alt_164_3
chr8_KI270816v1_alt_613_3
chr8_KI270816v1_alt_942_1
chr8_KI270816v1_alt_251_2
chr17_GL383565v1_alt_76_1
chr16_633_512
chr16_687_512
chr16_622_377
chr16_515_200
chr16_900_200
chr16_650_146
chr16_241_247
chr16_473_247
chr16_301_83
chr16_567_83
chr16_315_382
chr16_328_508
chr16_452_7
chr16_57_375
chr16_185_359
chr16_339_207
chr16_850_301
chr16_578_275
chr16_684_275
chr16_732_275
chr16_793_51
chr16_963_125
chr16_413_113
chr16_683_514
chr16_263_70
chr16_451_233
chr16_895_233
chr16_107_240
chr16_865_240
chr16_366_287
chr16_603_390
chr16_959_395
chr16_738_157
chr16_189_215
chr16_654_284
chr16_506_276
chr16_453_243
chr16_454_27
chr16_529_27
chr16_731_269
chr16_463_268
chr16_681_368
chr16_54_318
chr16_781_510
chr16_320_4
chr16_586_502
chr16_656_175
chr16_50_335
chr16_721_323
chr16_338_246
chr16_56_8
chr16_444_8
chr16_726_398
chr16_130_195
chr16_801_322
chr16_970_391
chr16_685_509
chr16_916_14
chr16_758_381
chr16_804_305
chr16_9_23
chr16_209_23
chr16_768_250
chr16_59_108
chr16_766_100
chr16_543_204
chr16_744_204
chr16_309_351
chr16_81_453
chr16_464_453
chr16_693_248
chr16_561_448
chr16_531_410
chr16_889_15
chr16_880_152
chr16_549_185
chr16_656_487
chr16_889_488
chr16_890_488
chr16_957_493
chr16_489_40
chr16_880_394
chr16_821_86
chr16_525_17
chr16_997_339
chr16_815_473
chr16_324_296
chr16_823_296
chr16_415_293
chr16_254_24
chr16_366_401
chr16_547_401
chr16_19_416
chr16_211_416
chr16_68_356
chr16_376_356
chr16_265_371
chr16_508_371
chr16_693_106
chr16_471_22
chr16_590_334
chr16_305_47
chr16_526_47
chr16_194_25
chr16_706_25
chr16_715_497
chr16_524_321
chr16_712_431
chr16_195_126
chr16_430_126
chr16_448_355
chr16_529_355
chr16_851_420
chr16_273_187
chr16_983_386
chr16_75_131
chr16_243_131
chr16_742_85
chr16_728_424
chr16_705_280
chr16_167_42
chr16_484_42
chr16_466_451
chr16_251_456
chr16_933_31
chr16_397_142
chr16_226_286
chr16_134_388
chr16_426_388
chr16_545_168
chr16_309_304
chr16_1_311
chr16_869_521
chr16_583_208
chr16_135_374
chr16_10_367
chr16_943_407
chr16_595_141
chr16_482_341
chr16_913_19
chr16_860_209
chr16_568_5
chr16_581_358
chr16_528_232
chr16_236_9
chr16_775_9
chr16_437_465
chr16_696_465
chr16_977_465
chr16_88_283
chr16_156_393
chr16_875_1
chr16_199_372
chr16_628_16
chr16_663_403
chr16_964_184
chr16_968_184
chr16_565_325
chr16_347_525
chr16_131_454
chr16_480_314
chr16_547_435
chr16_161_357
chr16_28_60
chr16_85_60
chr16_111_60
chr16_114_69
chr16_173_69
chr16_851_467
chr16_375_241
chr16_71_21
chr16_876_21
chr16_514_469
chr16_15_397
chr16_288_522
chr16_95_505
chr16_215_79
chr16_148_315
chr16_404_38
chr16_906_378
chr16_122_330
chr16_633_330
chr16_482_312
chr16_574_213
chr16_44_413
chr16_450_413
chr16_833_413
chr16_823_320
chr16_317_64
chr16_754_165
chr16_671_34
chr1_KI270763v1_alt_62_1
chr1_KI270763v1_alt_940_1
chr1_KI270763v1_alt_72_2
chr10_955_512
chr10_401_484
chr10_148_200
chr10_461_317
chr10_508_317
chr10_829_317
chr10_280_710
chr10_744_83
chr10_479_719
chr10_210_717
chr10_365_114
chr10_764_733
chr10_572_708
chr10_156_821
chr10_771_7
chr10_405_697
chr10_609_697
chr10_938_697
chr10_296_370
chr10_934_301
chr10_315_721
chr10_16_275
chr10_815_275
chr10_720_491
chr10_600_233
chr10_247_583
chr10_339_234
chr10_50_422
chr10_523_422
chr10_243_601
chr10_218_849
chr10_714_849
chr10_616_354
chr10_838_92
chr10_781_218
chr10_31_455
chr10_985_626
chr10_592_299
chr10_592_103
chr10_71_27
chr10_11_178
chr10_907_523
chr10_574_767
chr10_293_791
chr10_960_262
chr10_54_389
chr10_320_389
chr10_357_518
chr10_698_260
chr10_704_260
chr10_342_118
chr10_732_211
chr10_299_541
chr10_757_541
chr10_332_221
chr10_327_572
chr10_676_572
chr10_731_572
chr10_508_41
chr10_36_787
chr10_468_787
chr10_992_787
chr10_9_210
chr10_152_99
chr10_358_693
chr10_121_368
chr10_483_158
chr10_887_777
chr10_27_76
chr10_322_318
chr10_494_656
chr10_508_656
chr10_374_439
chr10_380_439
chr10_159_229
chr10_504_757
chr10_701_818
chr10_621_527
chr10_778_281
chr10_292_510
chr10_323_598
chr10_709_742
chr10_780_190
chr10_138_445
chr10_394_56
chr10_297_502
chr10_581_3
chr10_59_175
chr10_407_175
chr10_386_323
chr10_239_528
chr10_391_658
chr10_723_664
chr10_126_758
chr10_769_758
chr10_689_649
chr10_209_755
chr10_428_755
chr10_836_640
chr10_210_636
chr10_945_575
chr10_559_507
chr10_677_507
chr10_71_195
chr10_754_199
chr10_868_199
chr10_230_652
chr10_925_94
chr10_754_725
chr10_972_725
chr10_137_730
chr10_640_730
chr10_576_305
chr10_75_470
chr10_351_108
chr10_127_204
chr10_663_67
chr10_75_351
chr10_752_351
chr10_624_167
chr10_191_452
chr10_569_248
chr10_110_676
chr10_229_676
chr10_976_306
chr10_59_95
chr10_126_95
chr10_636_762
chr10_760_762
chr10_405_93
chr10_627_817
chr10_719_487
chr10_426_574
chr10_22_429
chr10_879_433
chr10_808_735
chr10_529_611
chr10_262_271
chr10_476_271
chr10_319_418
chr10_250_437
chr10_448_781
chr10_946_781
chr10_281_383
chr10_550_383
chr10_292_477
chr10_504_477
chr10_924_477
chr10_422_222
chr10_759_222
chr10_265_183
chr10_619_154
chr10_61_226
chr10_509_193
chr10_952_109
chr10_812_74
chr10_582_153
chr10_989_153
chr10_756_270
chr10_983_270
chr10_790_296
chr10_694_560
chr10_166_24
chr10_583_416
chr10_953_273
chr10_384_702
chr10_816_644
chr10_759_662
chr10_895_662
chr10_702_745
chr10_520_797
chr10_743_112
chr10_679_217
chr10_172_447
chr10_899_685
chr10_69_334
chr10_590_334
chr10_796_166
chr10_891_166
chr10_91_478
chr10_836_479
chr10_919_841
chr10_991_309
chr10_205_832
chr10_998_832
chr10_840_147
chr10_668_43
chr10_343_617
chr10_752_617
chr10_949_783
chr10_201_570
chr10_246_568
chr10_18_808
chr10_745_695
chr10_501_441
chr10_560_424
chr10_254_163
chr10_707_399
chr10_804_258
chr10_567_566
chr10_388_830
chr10_516_245
chr10_273_162
chr10_964_501
chr10_664_782
chr10_792_629
chr10_678_57
chr10_22_520
chr10_85_805
chr10_260_168
chr10_910_485
chr10_722_728
chr10_837_304
chr10_376_292
chr10_673_622
chr10_706_373
chr10_209_677
chr10_860_748
chr10_223_606
chr10_571_141
chr10_91_265
chr10_300_749
chr10_872_82
chr10_320_259
chr10_53_506
chr10_944_364
chr10_851_19
chr10_81_824
chr10_785_310
chr10_442_620
chr10_342_203
chr10_588_123
chr10_708_123
chr10_41_567
chr10_484_567
chr10_535_591
chr10_125_851
chr10_0_809
chr10_557_10
chr10_922_10
chr10_132_232
chr10_192_494
chr10_107_91
chr10_484_602
chr10_905_667
chr10_203_490
chr10_608_635
chr10_59_465
chr10_925_665
chr10_395_393
chr10_799_1
chr10_284_525
chr10_846_525
chr10_288_435
chr10_864_122
chr10_73_511
chr10_192_511
chr10_619_619
chr10_473_357
chr10_532_28
chr10_987_28
chr10_672_342
chr10_713_174
chr10_963_726
chr10_783_467
chr10_538_241
chr10_5_469
chr10_318_651
chr10_866_651
chr10_934_522
chr10_935_764
chr10_416_450
chr10_160_738
chr10_184_668
chr10_49_38
chr10_579_378
chr10_614_378
chr10_807_378
chr10_617_687
chr10_428_384
chr10_730_384
chr10_813_384
chr10_566_737
chr10_324_264
chr10_872_666
chr10_687_600
chr10_7_576
chr10_827_486
chr10_191_427
chr10_445_427
chr10_824_427
chr10_365_625
chr10_952_101
chr10_471_313
chr10_301_165
chr10_17_744
chr10_897_744
chr6_GL000251v2_alt_463_18
chr6_GL000251v2_alt_91_13
chr6_GL000251v2_alt_167_13
chr6_GL000251v2_alt_687_19
chr6_GL000251v2_alt_17_5
chr6_GL000251v2_alt_82_1
chr6_GL000251v2_alt_132_1
chr6_GL000251v2_alt_765_16
chr15_KI270727v1_random_150_2
chr8_KI270821v1_alt_508_2
chr22_KI270875v1_alt_975_1
chr13_659_484
chr13_810_317
chr13_915_83
chr13_135_114
chr13_598_499
chr13_775_173
chr13_302_359
chr13_226_370
chr13_343_145
chr13_449_544
chr13_669_121
chr13_409_113
chr13_207_340
chr13_995_340
chr13_924_233
chr13_292_344
chr13_225_240
chr13_52_90
chr13_800_90
chr13_744_6
chr13_728_395
chr13_39_157
chr13_511_284
chr13_900_284
chr13_460_412
chr13_800_243
chr13_383_299
chr13_656_396
chr13_761_332
chr13_652_262
chr13_352_389
chr13_468_389
chr13_957_260
chr13_96_211
chr13_373_541
chr13_486_210
chr13_31_219
chr13_447_33
chr13_278_49
chr13_81_368
chr13_371_76
chr13_437_76
chr13_926_76
chr13_113_439
chr13_687_347
chr13_743_236
chr13_658_148
chr13_899_148
chr13_971_480
chr13_726_48
chr13_964_206
chr13_219_256
chr13_467_256
chr13_641_246
chr13_488_102
chr13_722_575
chr13_671_561
chr13_126_507
chr13_176_507
chr13_433_251
chr13_959_251
chr13_351_294
chr13_280_565
chr13_875_14
chr13_951_381
chr13_568_23
chr13_576_558
chr13_552_250
chr13_437_319
chr13_562_453
chr13_270_167
chr13_716_167
chr13_364_405
chr13_870_448
chr13_678_93
chr13_873_93
chr13_589_135
chr13_573_185
chr13_780_185
chr13_423_488
chr13_132_613
chr13_137_271
chr13_711_271
chr13_376_504
chr13_659_504
chr13_403_580
chr13_432_536
chr13_151_339
chr13_427_278
chr13_123_428
chr13_12_143
chr13_696_226
chr13_451_331
chr13_30_84
chr13_133_84
chr13_227_556
chr13_515_556
chr13_982_556
chr13_395_401
chr13_550_356
chr13_371_136
chr13_840_22
chr13_109_47
chr13_490_47
chr13_32_478
chr13_956_479
chr13_551_161
chr13_594_161
chr13_751_43
chr13_114_126
chr13_669_126
chr13_502_570
chr13_908_568
chr13_825_420
chr13_163_63
chr13_711_63
chr13_844_63
chr13_387_386
chr13_506_279
chr13_220_457
chr13_231_426
chr13_4_546
chr13_612_42
chr13_448_124
chr13_759_566
chr13_340_274
chr13_510_274
chr13_652_223
chr13_550_144
chr13_501_520
chr13_378_388
chr13_964_388
chr13_518_168
chr13_815_485
chr13_942_485
chr13_684_208
chr13_856_374
chr13_169_472
chr13_878_537
chr13_309_259
chr13_738_259
chr13_44_341
chr13_55_111
chr13_374_440
chr13_987_440
chr13_702_529
chr13_453_289
chr13_782_289
chr13_246_444
chr13_24_46
chr13_709_89
chr13_983_89
chr13_336_591
chr13_524_10
chr13_551_10
chr13_710_232
chr13_333_494
chr13_735_494
chr13_69_91
chr13_338_91
chr13_393_530
chr13_64_404
chr13_16_393
chr13_755_372
chr13_920_552
chr13_59_403
chr13_452_184
chr13_217_325
chr13_288_454
chr13_534_435
chr13_163_122
chr13_225_122
chr13_667_503
chr13_833_87
chr13_68_75
chr13_969_77
chr13_237_181
chr13_115_442
chr13_298_442
chr13_164_21
chr13_42_365
chr13_297_365
chr13_928_365
chr13_608_621
chr13_614_621
chr13_510_524
chr13_133_500
chr13_494_397
chr13_81_414
chr13_93_464
chr13_583_379
chr13_737_538
chr13_229_133
chr13_630_263
chr13_355_79
chr13_49_249
chr13_295_212
chr13_763_212
chr13_93_343
chr13_114_361
chr13_184_346
chr13_185_346
chr13_419_330
chr13_410_486
chr13_511_486
chr13_330_313
chr13_817_313
chr13_516_64
chr13_283_201
chr13_15_596
chr16_KI270853v1_alt_397_12
chr16_KI270853v1_alt_411_12
chr16_KI270853v1_alt_367_5
chr16_KI270853v1_alt_591_9
chr16_KI270853v1_alt_910_1
chr8_KI270900v1_alt_551_1
chr5_KI270897v1_alt_759_3
chr5_KI270897v1_alt_15_5
chr5_KI270897v1_alt_536_2
chr20_748_200
chr20_598_117
chr20_799_303
chr20_370_138
chr20_646_349
chr20_944_349
chr20_237_359
chr20_298_189
chr20_567_300
chr20_164_207
chr20_358_90
chr20_491_390
chr20_353_234
chr20_389_327
chr20_448_338
chr20_338_53
chr20_997_284
chr20_608_92
chr20_510_276
chr20_757_237
chr20_354_353
chr20_349_78
chr20_127_186
chr20_176_27
chr20_184_269
chr20_165_324
chr20_799_198
chr20_86_99
chr20_493_49
chr20_632_26
chr20_572_368
chr20_653_139
chr20_829_139
chr20_423_151
chr20_974_151
chr20_458_329
chr20_649_329
chr20_783_196
chr20_830_347
chr20_802_148
chr20_446_18
chr20_486_18
chr20_936_281
chr20_408_56
chr20_918_30
chr20_92_3
chr20_705_228
chr20_625_246
chr20_121_68
chr20_332_68
chr20_785_68
chr20_423_244
chr20_574_391
chr20_299_336
chr20_946_94
chr20_619_14
chr20_193_129
chr20_525_23
chr20_527_23
chr20_30_100
chr20_832_319
chr20_747_392
chr20_635_231
chr20_666_179
chr20_987_179
chr20_318_52
chr20_445_93
chr20_916_93
chr20_977_394
chr20_300_17
chr20_942_17
chr20_928_339
chr20_304_278
chr20_578_278
chr20_760_278
chr20_658_222
chr20_812_183
chr20_575_74
chr20_906_255
chr20_915_255
chr20_54_166
chr20_160_25
chr20_737_13
chr20_1000_147
chr20_338_352
chr20_511_352
chr20_496_55
chr20_469_355
chr20_987_187
chr20_968_63
chr20_123_37
chr20_158_400
chr20_210_182
chr20_113_308
chr20_454_274
chr20_383_223
chr20_751_188
chr20_964_188
chr20_356_298
chr20_851_57
chr20_647_168
chr20_32_304
chr20_897_311
chr20_524_326
chr20_302_12
chr20_125_220
chr20_178_141
chr20_536_141
chr20_788_32
chr20_431_82
chr20_720_341
chr20_143_364
chr20_722_111
chr20_749_209
chr20_850_289
chr20_123_46
chr20_636_46
chr20_632_89
chr20_786_224
chr20_176_225
chr20_363_225
chr20_27_393
chr20_328_393
chr20_361_393
chr20_157_11
chr20_753_60
chr20_97_137
chr20_828_28
chr20_171_77
chr20_634_77
chr20_186_241
chr20_760_241
chr20_562_181
chr20_164_66
chr20_834_66
chr20_951_2
chr20_388_96
chr20_523_133
chr20_892_79
chr20_743_315
chr20_991_378
chr20_484_264
chrUn_KI270742v1_551_1
chr8_KI270818v1_alt_451_1
chr17_461_377
chr17_331_146
chr17_334_146
chr17_590_146
chr17_728_146
chr17_494_117
chr17_64_303
chr17_367_303
chr17_853_382
chr17_500_266
chr17_756_105
chr17_973_105
chr17_334_532
chr17_919_458
chr17_663_406
chr17_26_173
chr17_68_359
chr17_875_370
chr17_29_300
chr17_281_145
chr17_442_125
chr17_632_125
chr17_85_491
chr17_649_233
chr17_269_376
chr17_310_344
chr17_746_327
chr17_224_380
chr17_692_380
chr17_173_284
chr17_237_460
chr17_247_460
chr17_533_461
chr17_34_412
chr17_801_412
chr17_919_412
chr17_583_243
chr17_699_78
chr17_413_257
chr17_246_27
chr17_642_107
chr17_977_332
chr17_399_446
chr17_280_118
chr17_909_219
chr17_953_219
chr17_493_49
chr17_952_318
chr17_949_347
chr17_403_18
chr17_783_18
chr17_848_527
chr17_975_510
chr17_556_483
chr17_843_56
chr17_124_432
chr17_162_362
chr17_512_362
chr17_973_362
chr17_153_140
chr17_906_206
chr17_677_323
chr17_429_256
chr17_403_246
chr17_161_102
chr17_453_102
chr17_630_398
chr17_892_398
chr17_102_195
chr17_261_199
chr17_581_199
chr17_805_199
chr17_329_391
chr17_567_129
chr17_742_100
chr17_124_319
chr17_346_319
chr17_956_405
chr17_852_452
chr17_272_248
chr17_573_191
chr17_651_171
chr17_941_171
chr17_395_135
chr17_496_345
chr17_925_429
chr17_966_429
chr17_943_474
chr17_354_488
chr17_355_488
chr17_507_40
chr17_474_120
chr17_113_504
chr17_400_536
chr17_674_339
chr17_335_278
chr17_933_302
chr17_765_383
chr17_48_222
chr17_88_222
chr17_400_154
chr17_829_331
chr17_501_29
chr17_852_170
chr17_249_74
chr17_867_84
chr17_967_356
chr17_495_533
chr17_868_533
chr17_845_136
chr17_552_515
chr17_766_515
chr17_382_495
chr17_383_495
chr17_441_411
chr17_337_217
chr17_177_202
chr17_134_13
chr17_693_479
chr17_950_328
chr17_493_161
chr17_620_431
chr17_610_176
chr17_357_535
chr17_591_63
chr17_637_386
chr17_731_386
chr17_990_386
chr17_272_457
chr17_197_37
chr17_337_441
chr17_908_496
chr17_851_280
chr17_288_482
chr17_315_482
chr17_989_124
chr17_264_116
chr17_242_456
chr17_706_54
chr17_353_238
chr17_50_298
chr17_705_298
chr17_719_298
chr17_53_57
chr17_202_156
chr17_354_156
chr17_383_304
chr17_221_311
chr17_46_326
chr17_487_208
chr17_406_192
chr17_657_374
chr17_763_220
chr17_792_141
chr17_583_506
chr17_968_506
chr17_180_289
chr17_424_203
chr17_570_123
chr17_213_285
chr17_442_385
chr17_443_385
chr17_172_10
chr17_895_232
chr17_461_224
chr17_355_235
chr17_640_235
chr17_552_494
chr17_684_530
chr17_570_419
chr17_636_419
chr17_686_290
chr17_852_490
chr17_64_134
chr17_352_350
chr17_434_16
chr17_717_403
chr17_516_184
chr17_186_314
chr17_84_435
chr17_478_122
chr17_55_534
chr17_621_534
chr17_625_534
chr17_886_534
chr17_936_534
chr17_768_60
chr17_101_87
chr17_762_87
chr17_879_75
chr17_536_467
chr17_346_442
chr17_10_164
chr17_587_164
chr17_642_164
chr17_738_164
chr17_831_526
chr17_323_66
chr17_313_464
chr17_78_363
chr17_954_363
chr17_147_316
chr17_555_316
chr17_812_538
chr17_746_505
chr17_892_505
chr17_3_133
chr17_114_133
chr17_817_133
chr17_416_79
chr17_22_249
chr17_142_249
chr17_978_343
chr17_1000_155
chr17_554_384
chr17_701_346
chr17_185_366
chr17_672_213
chr17_43_101
chr17_718_313
chr17_23_64
chr17_265_34
chr17_266_34
chr13_KI270841v1_alt_338_1
chr20_KI270871v1_alt_431_1
chr11_KI270827v1_alt_130_1
chr6_GL000252v2_alt_724_4
chr6_GL000252v2_alt_696_3
chr6_GL000252v2_alt_946_14
chr6_GL000252v2_alt_988_16
chr6_GL000252v2_alt_864_21
chr18_238_200
chr18_600_349
chr18_438_266
chr18_262_458
chr18_71_173
chr18_262_189
chr18_37_370
chr18_808_145
chr18_75_233
chr18_952_344
chr18_557_240
chr18_974_234
chr18_192_215
chr18_39_53
chr18_544_53
chr18_649_92
chr18_604_282
chr18_830_455
chr18_481_178
chr18_770_260
chr18_892_268
chr18_99_221
chr18_916_324
chr18_766_253
chr18_731_33
chr18_447_368
chr18_379_76
chr18_569_76
chr18_242_149
chr18_714_196
chr18_984_196
chr18_338_148
chr18_619_148
chr18_958_281
chr18_898_59
chr18_266_30
chr18_506_175
chr18_690_206
chr18_507_323
chr18_91_256
chr18_978_256
chr18_958_102
chr18_803_239
chr18_467_195
chr18_572_322
chr18_923_322
chr18_330_391
chr18_993_391
chr18_35_336
chr18_168_336
chr18_72_129
chr18_977_381
chr18_371_100
chr18_149_319
chr18_641_204
chr18_448_306
chr18_536_410
chr18_809_152
chr18_841_185
chr18_309_40
chr18_343_194
chr18_954_80
chr18_779_418
chr18_117_437
chr18_10_302
chr18_286_302
chr18_433_383
chr18_930_477
chr18_839_222
chr18_515_143
chr18_627_438
chr18_662_296
chr18_446_293
chr18_780_24
chr18_251_371
chr18_960_371
chr18_131_197
chr18_754_217
chr18_916_217
chr18_377_447
chr18_387_447
chr18_173_106
chr18_522_334
chr18_760_334
chr18_377_321
chr18_998_352
chr18_311_431
chr18_43_126
chr18_624_420
chr18_257_424
chr18_46_182
chr18_908_42
chr18_516_258
chr18_699_144
chr18_878_144
chr18_340_168
chr18_513_304
chr18_145_192
chr18_705_367
chr18_692_12
chr18_483_72
chr18_900_82
chr18_624_111
chr18_32_46
chr18_893_46
chr18_725_475
chr18_494_285
chr18_585_9
chr18_106_235
chr18_395_290
chr18_256_169
chr18_747_169
chr18_149_134
chr18_13_393
chr18_663_350
chr18_289_16
chr18_423_314
chr18_159_39
chr18_199_60
chr18_929_137
chr18_835_342
chr18_348_174
chr18_549_45
chr18_976_181
chr18_47_21
chr18_61_21
chr18_236_397
chr18_708_379
chr18_889_450
chr18_634_212
chr18_527_205
chr18_207_346
chr18_455_264
chr18_884_264
chr18_150_312
chr18_476_98
chr18_488_201
chr3_KI270784v1_alt_18_1
chr3_GL000221v1_random_450_1
